TN:
SF:server/src/cache-metrics.ts
FN:2,__name
FN:18,incrementHltbMetric
FN:22,incrementImageMetric
FN:31,getCacheMetrics
FN:37,resetCacheMetrics
FNDA:12,__name
FNDA:38,incrementHltbMetric
FNDA:136,incrementImageMetric
FNDA:22,getCacheMetrics
FNDA:23,resetCacheMetrics
FNF:5
FNH:5
BRDA:1,0,0,3
BRDA:2,1,0,12
BRDA:18,2,0,38
BRDA:22,3,0,136
BRDA:31,4,0,22
BRDA:37,5,0,23
BRF:6
BRH:6
DA:1,3
DA:2,3
DA:3,12
DA:4,12
DA:5,12
DA:6,3
DA:7,3
DA:8,3
DA:9,3
DA:10,3
DA:11,3
DA:12,3
DA:13,3
DA:14,3
DA:15,3
DA:16,3
DA:17,3
DA:18,3
DA:19,38
DA:20,38
DA:21,3
DA:22,3
DA:23,136
DA:24,136
DA:25,136
DA:26,136
DA:27,136
DA:28,3
DA:29,3
DA:30,3
DA:31,3
DA:32,22
DA:33,22
DA:34,22
DA:35,3
DA:36,3
DA:37,3
DA:38,23
DA:39,23
DA:40,23
DA:41,23
DA:42,23
DA:43,23
DA:44,23
DA:45,23
DA:46,23
DA:47,23
DA:48,23
DA:49,23
DA:50,23
DA:51,23
DA:52,3
DA:53,3
DA:54,3
DA:55,3
DA:56,3
DA:57,3
DA:58,3
DA:59,3
DA:60,3
DA:61,3
DA:62,3
DA:63,3
DA:64,3
DA:65,3
DA:66,3
DA:67,3
DA:68,3
DA:69,3
DA:70,3
DA:71,3
DA:72,3
DA:73,3
DA:74,3
DA:75,3
DA:76,3
DA:77,3
DA:78,3
DA:79,3
DA:80,3
DA:81,3
DA:82,3
DA:83,3
DA:84,3
DA:85,3
DA:86,3
DA:87,3
DA:88,3
DA:89,3
LH:89
LF:89
end_of_record
SF:server/src/cache-observability.ts
FN:1,__name
FN:6,registerCacheObservabilityRoutes
FN:27,anonymous_2
FN:45,anonymous_3
FN:47,anonymous_4
FN:52,anonymous_5
FNDA:11,__name
FNDA:5,registerCacheObservabilityRoutes
FNDA:5,anonymous_2
FNDA:0,anonymous_3
FNDA:5,anonymous_4
FNDA:14,anonymous_5
FNF:6
FNH:5
BRDA:1,0,0,1
BRDA:1,1,0,11
BRDA:6,2,0,5
BRDA:18,3,0,1
BRDA:21,4,0,4
BRDA:24,5,0,1
BRDA:25,6,0,4
BRDA:27,7,0,5
BRDA:30,8,0,3
BRDA:33,9,0,0
BRDA:36,10,0,3
BRDA:36,11,0,0
BRDA:37,12,0,2
BRDA:42,13,0,1
BRDA:47,14,0,5
BRDA:52,15,0,14
BRF:16
BRH:14
DA:1,1
DA:2,11
DA:3,1
DA:4,1
DA:5,1
DA:6,1
DA:7,5
DA:8,5
DA:9,5
DA:10,5
DA:11,5
DA:12,5
DA:13,5
DA:14,5
DA:15,5
DA:16,5
DA:17,5
DA:18,5
DA:19,1
DA:20,1
DA:21,5
DA:22,5
DA:23,5
DA:24,5
DA:25,5
DA:26,5
DA:27,5
DA:28,5
DA:29,5
DA:30,5
DA:31,3
DA:32,3
DA:33,5
DA:34,5
DA:35,5
DA:36,5
DA:37,5
DA:38,2
DA:39,2
DA:40,2
DA:41,2
DA:42,5
DA:43,5
DA:44,5
DA:45,5
DA:46,5
DA:47,5
DA:48,5
DA:49,5
DA:50,5
DA:51,5
DA:52,5
DA:53,14
DA:54,14
DA:55,14
DA:56,14
DA:57,14
DA:58,14
DA:59,5
DA:60,1
DA:61,1
DA:62,1
DA:63,1
DA:64,1
DA:65,1
DA:66,1
DA:67,1
DA:68,1
DA:69,1
DA:70,1
DA:71,1
DA:72,1
DA:73,1
DA:74,1
DA:75,1
DA:76,1
DA:77,1
DA:78,1
DA:79,1
DA:80,1
DA:81,1
DA:82,1
DA:83,1
DA:84,1
DA:85,1
DA:86,1
DA:87,1
DA:88,1
DA:89,1
DA:90,1
DA:91,1
DA:92,1
DA:93,1
DA:94,1
DA:95,1
DA:96,1
DA:97,1
DA:98,1
DA:99,1
LH:99
LF:99
end_of_record
SF:server/src/fastify-rate-limit-shim.ts
FNF:0
FNH:0
BRDA:1,0,0,5
BRF:1
BRH:1
DA:1,5
DA:2,5
DA:3,5
LH:3
LF:3
end_of_record
SF:server/src/hltb-cache.ts
FN:2,__name
FN:15,registerHltbCachedRoute
FN:23,anonymous_2
FN:25,anonymous_3
FN:39,anonymous_4
FN:91,normalizeHltbQuery
FN:110,buildCacheKey
FN:119,normalizeTtlSeconds
FN:125,getAgeSeconds
FN:130,safeReadJson
FN:135,scheduleHltbRevalidation
FN:145,anonymous_11
FN:150,anonymous_12
FN:173,persistHltbCacheEntry
FN:204,isCacheableHltbPayload
FN:218,hasValidHltbItem
FN:228,isPositiveNumber
FN:235,deleteHltbCacheEntry
FN:246,fetchMetadataFromWorker
FN:283,readEnv
FN:288,readSecretFile
FN:298,sendWebResponse
FN:302,anonymous_22
FNDA:24,__name
FNDA:8,registerHltbCachedRoute
FNDA:2,anonymous_2
FNDA:0,anonymous_3
FNDA:17,anonymous_4
FNDA:17,normalizeHltbQuery
FNDA:15,buildCacheKey
FNDA:16,normalizeTtlSeconds
FNDA:7,getAgeSeconds
FNDA:10,safeReadJson
FNDA:4,scheduleHltbRevalidation
FNDA:3,anonymous_11
FNDA:3,anonymous_12
FNDA:6,persistHltbCacheEntry
FNDA:17,isCacheableHltbPayload
FNDA:17,hasValidHltbItem
FNDA:11,isPositiveNumber
FNDA:1,deleteHltbCacheEntry
FNDA:0,fetchMetadataFromWorker
FNDA:0,readEnv
FNDA:0,readSecretFile
FNDA:10,sendWebResponse
FNDA:10,anonymous_22
FNF:23
FNH:19
BRDA:1,0,0,1
BRDA:2,1,0,24
BRDA:15,2,0,8
BRDA:22,3,0,0
BRDA:23,4,0,6
BRDA:25,5,0,6
BRDA:23,6,0,2
BRDA:25,7,0,0
BRDA:39,8,0,17
BRDA:42,9,0,15
BRDA:42,10,0,2
BRDA:43,11,0,15
BRDA:50,12,0,14
BRDA:50,13,0,8
BRDA:50,14,0,8
BRDA:51,15,0,1
BRDA:53,16,0,7
BRDA:57,17,0,3
BRDA:62,18,0,4
BRDA:66,19,0,4
BRDA:74,20,0,3
BRDA:75,21,0,1
BRDA:77,22,0,1
BRDA:82,23,0,0
BRDA:82,24,0,10
BRDA:83,25,0,8
BRDA:84,26,0,8
BRDA:86,27,0,5
BRDA:88,28,0,10
BRDA:91,29,0,17
BRDA:95,30,0,0
BRDA:95,31,0,2
BRDA:96,32,0,15
BRDA:97,33,0,7
BRDA:98,34,0,8
BRDA:98,35,0,7
BRDA:100,36,0,7
BRDA:101,37,0,8
BRDA:102,38,0,7
BRDA:104,39,0,13
BRDA:106,40,0,15
BRDA:107,41,0,13
BRDA:107,42,0,8
BRDA:108,43,0,7
BRDA:110,44,0,15
BRDA:115,45,0,8
BRDA:115,46,0,7
BRDA:119,47,0,16
BRDA:120,48,0,4
BRDA:122,49,0,12
BRDA:125,50,0,7
BRDA:128,51,0,0
BRDA:130,52,0,10
BRDA:131,53,0,1
BRDA:135,54,0,4
BRDA:141,55,0,1
BRDA:142,56,0,3
BRDA:145,57,0,3
BRDA:150,58,0,3
BRDA:150,59,0,1
BRDA:151,60,0,2
BRDA:152,61,0,1
BRDA:153,62,0,0
BRDA:156,63,0,1
BRDA:159,64,0,0
BRDA:173,65,0,6
BRDA:194,66,0,0
BRDA:204,67,0,17
BRDA:206,68,0,0
BRDA:209,69,0,11
BRDA:210,70,0,6
BRDA:210,71,0,4
BRDA:211,72,0,2
BRDA:218,73,0,17
BRDA:218,74,0,11
BRDA:219,75,0,6
BRDA:220,76,0,11
BRDA:223,77,0,0
BRDA:228,78,0,11
BRDA:235,79,0,1
BRDA:240,80,0,0
BRDA:298,81,0,10
BRDA:305,82,0,0
BRDA:309,83,0,0
BRDA:313,84,0,0
BRDA:314,85,0,0
BRDA:302,86,0,10
BRF:87
BRH:72
DA:1,1
DA:2,1
DA:3,1
DA:4,1
DA:5,1
DA:6,1
DA:7,1
DA:8,1
DA:9,1
DA:10,1
DA:11,1
DA:12,1
DA:13,1
DA:14,1
DA:15,1
DA:16,8
DA:17,8
DA:18,8
DA:19,8
DA:20,8
DA:21,8
DA:22,0
DA:23,8
DA:24,8
DA:25,8
DA:26,8
DA:27,8
DA:28,8
DA:29,8
DA:30,8
DA:31,8
DA:32,8
DA:33,8
DA:34,8
DA:35,8
DA:36,8
DA:37,8
DA:38,8
DA:39,8
DA:40,17
DA:41,17
DA:42,17
DA:43,17
DA:44,15
DA:45,15
DA:46,15
DA:47,15
DA:48,15
DA:49,15
DA:50,15
DA:51,8
DA:52,1
DA:53,8
DA:54,7
DA:55,7
DA:56,7
DA:57,7
DA:58,3
DA:59,3
DA:60,3
DA:61,3
DA:62,7
DA:63,4
DA:64,4
DA:65,4
DA:66,7
DA:67,4
DA:68,4
DA:69,4
DA:70,4
DA:71,4
DA:72,4
DA:73,4
DA:74,4
DA:75,4
DA:76,4
DA:77,15
DA:78,1
DA:79,1
DA:80,1
DA:81,1
DA:82,17
DA:83,17
DA:84,17
DA:85,8
DA:86,8
DA:87,5
DA:88,17
DA:89,10
DA:90,1
DA:91,1
DA:92,17
DA:93,17
DA:94,17
DA:95,17
DA:96,17
DA:97,17
DA:98,17
DA:99,17
DA:100,17
DA:101,17
DA:102,17
DA:103,17
DA:104,17
DA:105,17
DA:106,17
DA:107,17
DA:108,1
DA:109,1
DA:110,1
DA:111,15
DA:112,15
DA:113,15
DA:114,15
DA:115,15
DA:116,15
DA:117,15
DA:118,1
DA:119,1
DA:120,16
DA:121,4
DA:122,16
DA:123,12
DA:124,1
DA:125,1
DA:126,7
DA:127,7
DA:128,7
DA:129,7
DA:130,1
DA:131,10
DA:132,1
DA:133,1
DA:134,1
DA:135,1
DA:136,4
DA:137,4
DA:138,4
DA:139,4
DA:140,4
DA:141,4
DA:142,4
DA:143,3
DA:144,3
DA:145,3
DA:146,3
DA:147,3
DA:148,3
DA:149,3
DA:150,3
DA:151,3
DA:152,3
DA:153,3
DA:154,0
DA:155,0
DA:156,1
DA:157,1
DA:158,1
DA:159,3
DA:160,0
DA:161,0
DA:162,0
DA:163,0
DA:164,0
DA:165,0
DA:166,0
DA:167,0
DA:168,0
DA:169,3
DA:170,1
DA:171,1
DA:172,1
DA:173,6
DA:174,6
DA:175,6
DA:176,6
DA:177,6
DA:178,6
DA:179,6
DA:180,6
DA:181,6
DA:182,6
DA:183,6
DA:184,6
DA:185,6
DA:186,6
DA:187,6
DA:188,6
DA:189,6
DA:190,6
DA:191,6
DA:192,6
DA:193,6
DA:194,6
DA:195,0
DA:196,0
DA:197,0
DA:198,0
DA:199,0
DA:200,0
DA:201,0
DA:202,1
DA:203,1
DA:204,1
DA:205,17
DA:206,17
DA:207,17
DA:208,17
DA:209,17
DA:210,17
DA:211,17
DA:212,2
DA:213,2
DA:214,2
DA:215,1
DA:216,1
DA:217,1
DA:218,1
DA:219,17
DA:220,6
DA:221,11
DA:222,11
DA:223,17
DA:224,0
DA:225,0
DA:226,0
DA:227,1
DA:228,1
DA:229,11
DA:230,11
DA:231,11
DA:232,1
DA:233,1
DA:234,1
DA:235,1
DA:236,1
DA:237,1
DA:238,1
DA:239,1
DA:240,1
DA:241,0
DA:242,0
DA:243,0
DA:244,0
DA:245,1
DA:246,1
DA:247,0
DA:248,0
DA:249,0
DA:250,0
DA:251,0
DA:252,0
DA:253,0
DA:254,0
DA:255,0
DA:256,0
DA:257,0
DA:258,0
DA:259,0
DA:260,0
DA:261,0
DA:262,0
DA:263,0
DA:264,0
DA:265,0
DA:266,0
DA:267,0
DA:268,0
DA:269,0
DA:270,0
DA:271,0
DA:272,0
DA:273,0
DA:274,0
DA:275,0
DA:276,0
DA:277,0
DA:278,0
DA:279,0
DA:280,0
DA:281,1
DA:282,1
DA:283,1
DA:284,0
DA:285,0
DA:286,0
DA:287,1
DA:288,1
DA:289,0
DA:290,0
DA:291,0
DA:292,0
DA:293,0
DA:294,0
DA:295,0
DA:296,0
DA:297,1
DA:298,1
DA:299,10
DA:300,10
DA:301,10
DA:302,10
DA:303,10
DA:304,10
DA:305,10
DA:306,10
DA:307,10
DA:308,10
DA:309,10
DA:310,10
DA:311,10
DA:312,10
DA:313,10
DA:314,10
DA:315,0
DA:316,0
DA:317,0
DA:318,1
DA:319,1
DA:320,1
DA:321,1
DA:322,1
DA:323,1
DA:324,1
DA:325,1
DA:326,1
DA:327,1
DA:328,1
DA:329,1
DA:330,1
DA:331,1
DA:332,1
DA:333,1
DA:334,1
DA:335,1
DA:336,1
DA:337,1
DA:338,1
DA:339,1
DA:340,1
DA:341,1
DA:342,1
DA:343,1
DA:344,1
DA:345,1
DA:346,1
DA:347,1
DA:348,1
DA:349,1
DA:350,1
DA:351,1
DA:352,1
DA:353,1
DA:354,1
DA:355,1
DA:356,1
DA:357,1
DA:358,1
DA:359,1
DA:360,1
DA:361,1
DA:362,1
DA:363,1
DA:364,1
DA:365,1
DA:366,1
DA:367,1
DA:368,1
DA:369,1
DA:370,1
DA:371,1
DA:372,1
DA:373,1
DA:374,1
DA:375,1
DA:376,1
DA:377,1
DA:378,1
DA:379,1
DA:380,1
DA:381,1
DA:382,1
DA:383,1
DA:384,1
DA:385,1
DA:386,1
DA:387,1
DA:388,1
DA:389,1
DA:390,1
DA:391,1
DA:392,1
DA:393,1
DA:394,1
DA:395,1
DA:396,1
DA:397,1
DA:398,1
DA:399,1
DA:400,1
DA:401,1
DA:402,1
DA:403,1
DA:404,1
DA:405,1
DA:406,1
DA:407,1
DA:408,1
DA:409,1
DA:410,1
DA:411,1
DA:412,1
DA:413,1
DA:414,1
DA:415,1
DA:416,1
DA:417,1
DA:418,1
DA:419,1
DA:420,1
DA:421,1
DA:422,1
DA:423,1
DA:424,1
DA:425,1
DA:426,1
DA:427,1
DA:428,1
DA:429,1
DA:430,1
DA:431,1
DA:432,1
DA:433,1
LH:359
LF:433
end_of_record
SF:server/src/image-cache.ts
FN:2,__name
FN:18,registerImageProxyRoute
FN:35,anonymous_2
FN:39,anonymous_3
FN:39,anonymous_4
FN:61,anonymous_5
FN:119,anonymous_6
FN:176,normalizeProxyImageUrl
FN:222,resolveFileExtension
FN:239,sha256
FN:241,fileExists
FN:251,readResponseBytesWithLimit
FN:267,anonymous_12
FNDA:32,__name
FNDA:13,registerImageProxyRoute
FNDA:12,anonymous_2
FNDA:12,anonymous_3
FNDA:12,anonymous_4
FNDA:70,anonymous_5
FNDA:0,anonymous_6
FNDA:82,normalizeProxyImageUrl
FNDA:58,resolveFileExtension
FNDA:77,sha256
FNDA:3,fileExists
FNDA:117,readResponseBytesWithLimit
FNDA:58,anonymous_12
FNF:13
FNH:12
BRDA:1,0,0,1
BRDA:2,1,0,32
BRDA:18,2,0,13
BRDA:20,3,0,1
BRDA:23,4,0,0
BRDA:26,5,0,1
BRDA:27,6,0,12
BRDA:35,7,0,12
BRDA:36,8,0,0
BRDA:38,9,0,0
BRDA:40,10,0,0
BRDA:54,11,0,0
BRDA:55,12,0,11
BRDA:55,13,0,1
BRDA:56,14,0,0
BRDA:56,15,0,1
BRDA:59,16,0,0
BRDA:39,17,0,12
BRDA:39,18,0,12
BRDA:61,19,0,70
BRDA:67,20,0,5
BRDA:73,21,0,65
BRDA:78,22,0,63
BRDA:78,23,0,2
BRDA:84,24,0,1
BRDA:86,25,0,65
BRDA:87,26,0,2
BRDA:91,27,0,1
BRDA:100,28,0,64
BRDA:101,29,0,1
BRDA:105,30,0,0
BRDA:117,31,0,64
BRDA:125,32,0,63
BRDA:125,33,0,1
BRDA:129,34,0,64
BRDA:130,35,0,63
BRDA:130,36,0,2
BRDA:134,37,0,61
BRDA:135,38,0,0
BRDA:135,39,0,0
BRDA:135,40,0,61
BRDA:136,41,0,1
BRDA:140,42,0,60
BRDA:141,43,0,2
BRDA:143,44,0,58
BRDA:162,45,0,56
BRDA:163,46,0,2
BRDA:169,47,0,1
BRDA:169,48,0,58
BRDA:176,49,0,82
BRDA:179,50,0,1
BRDA:180,51,0,1
BRDA:180,52,0,80
BRDA:194,53,0,6
BRDA:195,54,0,74
BRDA:198,55,0,74
BRDA:198,56,0,1
BRDA:199,57,0,79
BRDA:199,58,0,1
BRDA:199,59,0,1
BRDA:199,60,0,78
BRDA:200,61,0,0
BRDA:202,62,0,78
BRDA:204,63,0,0
BRDA:204,64,0,78
BRDA:204,65,0,1
BRDA:204,66,0,77
BRDA:208,67,0,6
BRDA:208,68,0,71
BRDA:209,69,0,6
BRDA:209,70,0,71
BRDA:217,71,0,6
BRDA:217,72,0,71
BRDA:221,73,0,1
BRDA:222,74,0,58
BRDA:227,75,0,55
BRDA:227,76,0,3
BRDA:227,77,0,0
BRDA:228,78,0,3
BRDA:229,79,0,0
BRDA:230,80,0,3
BRDA:231,81,0,0
BRDA:231,82,0,3
BRDA:234,83,0,0
BRDA:235,84,0,3
BRDA:236,85,0,0
BRDA:239,86,0,77
BRDA:241,87,0,3
BRDA:248,88,0,1
BRDA:248,89,0,2
BRDA:251,90,0,61
BRDA:256,91,0,60
BRDA:257,92,0,1
BRDA:260,93,0,1
BRDA:260,94,0,60
BRDA:260,95,0,59
BRDA:261,96,0,1
BRDA:262,97,0,59
BRDA:264,98,0,117
BRDA:265,99,0,59
BRDA:265,100,0,58
BRDA:265,101,0,0
BRDA:265,102,0,58
BRDA:266,103,0,0
BRDA:266,104,0,58
BRDA:267,105,0,59
BRDA:267,106,0,58
BRF:107
BRH:88
DA:1,1
DA:2,1
DA:3,32
DA:4,1
DA:5,1
DA:6,1
DA:7,1
DA:8,1
DA:9,1
DA:10,1
DA:11,1
DA:12,1
DA:13,1
DA:14,1
DA:15,1
DA:16,1
DA:17,1
DA:18,1
DA:19,13
DA:20,13
DA:21,13
DA:22,13
DA:23,13
DA:24,13
DA:25,13
DA:26,13
DA:27,13
DA:28,13
DA:29,13
DA:30,13
DA:31,13
DA:32,13
DA:33,13
DA:34,13
DA:35,13
DA:36,12
DA:37,12
DA:38,12
DA:39,12
DA:40,12
DA:41,12
DA:42,12
DA:43,12
DA:44,12
DA:45,12
DA:46,12
DA:47,12
DA:48,12
DA:49,12
DA:50,12
DA:51,12
DA:52,12
DA:53,12
DA:54,12
DA:55,12
DA:56,12
DA:57,1
DA:58,1
DA:59,12
DA:60,13
DA:61,13
DA:62,70
DA:63,70
DA:64,70
DA:65,70
DA:66,70
DA:67,70
DA:68,5
DA:69,5
DA:70,5
DA:71,5
DA:72,5
DA:73,70
DA:74,65
DA:75,65
DA:76,65
DA:77,65
DA:78,70
DA:79,2
DA:80,2
DA:81,2
DA:82,2
DA:83,2
DA:84,2
DA:85,1
DA:86,70
DA:87,70
DA:88,2
DA:89,2
DA:90,2
DA:91,70
DA:92,1
DA:93,1
DA:94,1
DA:95,1
DA:96,1
DA:97,1
DA:98,1
DA:99,1
DA:100,70
DA:101,70
DA:102,1
DA:103,1
DA:104,1
DA:105,1
DA:106,0
DA:107,0
DA:108,0
DA:109,0
DA:110,0
DA:111,0
DA:112,0
DA:113,0
DA:114,0
DA:115,0
DA:116,0
DA:117,70
DA:118,64
DA:119,64
DA:120,64
DA:121,64
DA:122,64
DA:123,64
DA:124,64
DA:125,70
DA:126,1
DA:127,1
DA:128,1
DA:129,70
DA:130,70
DA:131,2
DA:132,2
DA:133,2
DA:134,70
DA:135,70
DA:136,70
DA:137,1
DA:138,1
DA:139,1
DA:140,70
DA:141,70
DA:142,2
DA:143,58
DA:144,58
DA:145,58
DA:146,58
DA:147,58
DA:148,58
DA:149,58
DA:150,58
DA:151,58
DA:152,58
DA:153,58
DA:154,58
DA:155,58
DA:156,58
DA:157,58
DA:158,58
DA:159,58
DA:160,58
DA:161,58
DA:162,70
DA:163,70
DA:164,2
DA:165,2
DA:166,2
DA:167,2
DA:168,2
DA:169,70
DA:170,58
DA:171,58
DA:172,58
DA:173,58
DA:174,1
DA:175,1
DA:176,1
DA:177,82
DA:178,82
DA:179,82
DA:180,82
DA:181,80
DA:182,80
DA:183,80
DA:184,80
DA:185,80
DA:186,80
DA:187,80
DA:188,80
DA:189,80
DA:190,80
DA:191,80
DA:192,80
DA:193,80
DA:194,82
DA:195,82
DA:196,74
DA:197,74
DA:198,82
DA:199,82
DA:200,82
DA:201,0
DA:202,78
DA:203,78
DA:204,82
DA:205,77
DA:206,77
DA:207,77
DA:208,82
DA:209,82
DA:210,82
DA:211,82
DA:212,82
DA:213,82
DA:214,82
DA:215,82
DA:216,82
DA:217,82
DA:218,82
DA:219,82
DA:220,82
DA:221,1
DA:222,1
DA:223,58
DA:224,58
DA:225,58
DA:226,58
DA:227,58
DA:228,3
DA:229,58
DA:230,58
DA:231,58
DA:232,3
DA:233,3
DA:234,58
DA:235,58
DA:236,0
DA:237,0
DA:238,1
DA:239,1
DA:240,1
DA:241,1
DA:242,3
DA:243,3
DA:244,3
DA:245,3
DA:246,3
DA:247,3
DA:248,3
DA:249,2
DA:250,2
DA:251,1
DA:252,61
DA:253,61
DA:254,61
DA:255,61
DA:256,61
DA:257,61
DA:258,1
DA:259,1
DA:260,61
DA:261,61
DA:262,61
DA:263,59
DA:264,61
DA:265,117
DA:266,117
DA:267,61
DA:268,1
DA:269,1
DA:270,1
DA:271,1
DA:272,1
DA:273,1
DA:274,1
DA:275,1
DA:276,1
DA:277,1
DA:278,1
DA:279,1
DA:280,1
DA:281,1
DA:282,1
DA:283,1
DA:284,1
DA:285,1
DA:286,1
DA:287,1
DA:288,1
DA:289,1
DA:290,1
DA:291,1
DA:292,1
DA:293,1
DA:294,1
DA:295,1
DA:296,1
DA:297,1
DA:298,1
DA:299,1
DA:300,1
DA:301,1
DA:302,1
DA:303,1
DA:304,1
DA:305,1
DA:306,1
DA:307,1
DA:308,1
DA:309,1
DA:310,1
DA:311,1
DA:312,1
DA:313,1
DA:314,1
DA:315,1
DA:316,1
DA:317,1
DA:318,1
DA:319,1
DA:320,1
DA:321,1
DA:322,1
DA:323,1
DA:324,1
DA:325,1
DA:326,1
DA:327,1
DA:328,1
DA:329,1
DA:330,1
DA:331,1
DA:332,1
DA:333,1
DA:334,1
DA:335,1
DA:336,1
DA:337,1
DA:338,1
DA:339,1
DA:340,1
DA:341,1
DA:342,1
DA:343,1
DA:344,1
DA:345,1
DA:346,1
DA:347,1
DA:348,1
DA:349,1
DA:350,1
DA:351,1
DA:352,1
DA:353,1
DA:354,1
DA:355,1
DA:356,1
DA:357,1
DA:358,1
DA:359,1
DA:360,1
DA:361,1
DA:362,1
DA:363,1
DA:364,1
DA:365,1
DA:366,1
DA:367,1
DA:368,1
DA:369,1
DA:370,1
DA:371,1
DA:372,1
DA:373,1
DA:374,1
DA:375,1
DA:376,1
DA:377,1
DA:378,1
DA:379,1
DA:380,1
DA:381,1
DA:382,1
DA:383,1
DA:384,1
DA:385,1
DA:386,1
DA:387,1
DA:388,1
DA:389,1
DA:390,1
DA:391,1
DA:392,1
DA:393,1
DA:394,1
DA:395,1
DA:396,1
DA:397,1
DA:398,1
DA:399,1
DA:400,1
DA:401,1
DA:402,1
DA:403,1
DA:404,1
DA:405,1
DA:406,1
DA:407,1
DA:408,1
DA:409,1
DA:410,1
DA:411,1
DA:412,1
DA:413,1
LH:399
LF:413
end_of_record
SF:server/src/manuals.ts
FN:2,__name
FN:14,parsePlatformIdFromFolderName
FN:34,normalizeManualTitle
FN:45,anonymous_3
FN:67,scoreManualTitleMatch
FN:93,registerManualRoutes
FN:102,anonymous_6
FN:125,anonymous_7
FN:135,anonymous_8
FN:151,anonymous_9
FN:168,anonymous_10
FN:186,anonymous_11
FN:191,anonymous_12
FN:194,anonymous_13
FN:204,anonymous_14
FN:211,anonymous_15
FN:218,readCatalog
FN:237,setNoStoreCacheHeaders
FN:247,scanManualsDirectory
FN:256,anonymous_19
FN:262,walkManuals
FN:300,rankEntriesByTitle
FN:308,anonymous_22
FN:323,anonymous_23
FN:323,anonymous_24
FN:331,calculateTokenJaccard
FN:339,anonymous_26
FN:344,calculateTrigramDice
FN:352,anonymous_28
FN:355,buildTrigrams
FN:367,normalizeManualRelativePath
FN:372,anonymous_31
FN:373,anonymous_32
FN:374,anonymous_33
FN:375,parsePositiveInteger
FN:383,buildEquivalentManualPlatformIds
FN:390,anonymous_36
FN:402,toCandidateResponse
FN:416,buildManualUrl
FN:419,anonymous_39
FN:423,normalizeManualsPublicBaseUrl
FNDA:57,__name
FNDA:20,parsePlatformIdFromFolderName
FNDA:44,normalizeManualTitle
FNDA:2,anonymous_3
FNDA:5,scoreManualTitleMatch
FNDA:10,registerManualRoutes
FNDA:8,anonymous_6
FNDA:11,anonymous_7
FNDA:1,anonymous_8
FNDA:7,anonymous_9
FNDA:8,anonymous_10
FNDA:13,anonymous_11
FNDA:2,anonymous_12
FNDA:6,anonymous_13
FNDA:5,anonymous_14
FNDA:3,anonymous_15
FNDA:17,readCatalog
FNDA:19,setNoStoreCacheHeaders
FNDA:13,scanManualsDirectory
FNDA:12,anonymous_19
FNDA:40,walkManuals
FNDA:7,rankEntriesByTitle
FNDA:12,anonymous_22
FNDA:12,anonymous_23
FNDA:5,anonymous_24
FNDA:16,calculateTokenJaccard
FNDA:42,anonymous_26
FNDA:16,calculateTrigramDice
FNDA:124,anonymous_28
FNDA:314,buildTrigrams
FNDA:32,normalizeManualRelativePath
FNDA:50,anonymous_31
FNDA:50,anonymous_32
FNDA:50,anonymous_33
FNDA:16,parsePositiveInteger
FNDA:13,buildEquivalentManualPlatformIds
FNDA:78,anonymous_36
FNDA:22,toCandidateResponse
FNDA:22,buildManualUrl
FNDA:44,anonymous_39
FNDA:10,normalizeManualsPublicBaseUrl
FNF:41
FNH:41
BRDA:1,0,0,1
BRDA:2,1,0,57
BRDA:14,2,0,20
BRDA:21,3,0,0
BRDA:24,4,0,1
BRDA:24,5,0,19
BRDA:29,6,0,18
BRDA:29,7,0,1
BRDA:34,8,0,44
BRDA:37,9,0,0
BRDA:45,10,0,2
BRDA:49,11,0,0
BRDA:58,12,0,1
BRDA:67,13,0,5
BRDA:75,14,0,4
BRDA:76,15,0,1
BRDA:76,16,0,4
BRDA:84,17,0,1
BRDA:85,18,0,4
BRDA:90,19,0,1
BRDA:92,20,0,4
BRDA:92,21,0,1
BRDA:92,22,0,3
BRDA:93,23,0,10
BRDA:102,24,0,8
BRDA:107,25,0,1
BRDA:110,26,0,2
BRDA:111,27,0,6
BRDA:115,28,0,0
BRDA:119,29,0,6
BRDA:131,30,0,0
BRDA:133,31,0,6
BRDA:133,32,0,1
BRDA:143,33,0,5
BRDA:144,34,0,1
BRDA:147,35,0,4
BRDA:155,36,0,3
BRDA:155,37,0,1
BRDA:155,38,0,0
BRDA:155,39,0,4
BRDA:156,40,0,3
BRDA:156,41,0,3
BRDA:160,42,0,1
BRDA:125,43,0,11
BRDA:135,44,0,1
BRDA:151,45,0,7
BRDA:168,46,0,8
BRDA:175,47,0,4
BRDA:175,48,0,0
BRDA:177,49,0,1
BRDA:180,50,0,0
BRDA:181,51,0,7
BRDA:190,52,0,4
BRDA:198,53,0,3
BRDA:186,54,0,13
BRDA:191,55,0,2
BRDA:194,56,0,6
BRDA:204,57,0,5
BRDA:211,58,0,3
BRDA:213,59,0,1
BRDA:218,60,0,17
BRDA:220,61,0,14
BRDA:220,62,0,4
BRDA:220,63,0,4
BRDA:221,64,0,13
BRDA:237,65,0,19
BRDA:247,66,0,13
BRDA:248,67,0,12
BRDA:248,68,0,1
BRDA:251,69,0,0
BRDA:252,70,0,12
BRDA:256,71,0,12
BRDA:262,72,0,28
BRDA:267,73,0,16
BRDA:267,74,0,12
BRDA:269,75,0,40
BRDA:269,76,0,24
BRDA:272,77,0,16
BRDA:273,78,0,16
BRDA:275,79,0,0
BRDA:277,80,0,24
BRDA:278,81,0,0
BRDA:278,82,0,24
BRDA:283,83,0,0
BRDA:283,84,0,24
BRDA:286,85,0,0
BRDA:286,86,0,24
BRDA:300,87,0,7
BRDA:303,88,0,0
BRDA:308,89,0,12
BRDA:314,90,0,3
BRDA:317,91,0,0
BRDA:323,92,0,12
BRDA:323,93,0,5
BRDA:325,94,0,0
BRDA:331,95,0,16
BRDA:336,96,0,0
BRDA:336,97,0,0
BRDA:343,98,0,0
BRDA:339,99,0,42
BRDA:341,100,0,26
BRDA:344,101,0,16
BRDA:348,102,0,0
BRDA:349,103,0,0
BRDA:349,104,0,0
BRDA:352,105,0,124
BRDA:352,106,0,73
BRDA:355,107,0,39
BRDA:362,108,0,0
BRDA:363,109,0,5
BRDA:364,110,0,34
BRDA:366,111,0,314
BRDA:366,112,0,34
BRDA:367,113,0,32
BRDA:370,114,0,7
BRDA:370,115,0,25
BRDA:374,116,0,0
BRDA:374,117,0,25
BRDA:372,118,0,50
BRDA:373,119,0,50
BRDA:374,120,0,50
BRDA:375,121,0,16
BRDA:379,122,0,2
BRDA:379,123,0,14
BRDA:380,124,0,2
BRDA:383,125,0,13
BRDA:389,126,0,11
BRDA:390,127,0,78
BRDA:396,128,0,74
BRDA:396,129,0,4
BRDA:399,130,0,4
BRDA:402,131,0,22
BRDA:416,132,0,22
BRDA:419,133,0,44
BRDA:423,134,0,10
BRDA:425,135,0,0
BRDA:425,136,0,0
BRDA:429,137,0,0
BRDA:430,138,0,0
BRF:139
BRH:111
DA:1,1
DA:2,1
DA:3,1
DA:4,1
DA:5,1
DA:6,1
DA:7,1
DA:8,1
DA:9,1
DA:10,1
DA:11,1
DA:12,1
DA:13,1
DA:14,1
DA:15,20
DA:16,20
DA:17,20
DA:18,20
DA:19,20
DA:20,20
DA:21,20
DA:22,20
DA:23,20
DA:24,20
DA:25,19
DA:26,19
DA:27,19
DA:28,19
DA:29,20
DA:30,1
DA:31,1
DA:32,1
DA:33,1
DA:34,1
DA:35,44
DA:36,44
DA:37,44
DA:38,44
DA:39,44
DA:40,44
DA:41,44
DA:42,44
DA:43,44
DA:44,44
DA:45,44
DA:46,2
DA:47,2
DA:48,2
DA:49,2
DA:50,2
DA:51,2
DA:52,2
DA:53,2
DA:54,2
DA:55,2
DA:56,2
DA:57,2
DA:58,2
DA:59,44
DA:60,44
DA:61,44
DA:62,44
DA:63,44
DA:64,44
DA:65,1
DA:66,1
DA:67,1
DA:68,5
DA:69,5
DA:70,5
DA:71,5
DA:72,5
DA:73,5
DA:74,5
DA:75,5
DA:76,5
DA:77,4
DA:78,4
DA:79,4
DA:80,4
DA:81,4
DA:82,4
DA:83,4
DA:84,5
DA:85,5
DA:86,4
DA:87,4
DA:88,4
DA:89,4
DA:90,5
DA:91,1
DA:92,1
DA:93,1
DA:94,10
DA:95,10
DA:96,10
DA:97,10
DA:98,10
DA:99,10
DA:100,10
DA:101,10
DA:102,10
DA:103,8
DA:104,8
DA:105,8
DA:106,8
DA:107,8
DA:108,8
DA:109,8
DA:110,8
DA:111,8
DA:112,6
DA:113,6
DA:114,6
DA:115,8
DA:116,0
DA:117,0
DA:118,0
DA:119,8
DA:120,6
DA:121,6
DA:122,6
DA:123,6
DA:124,6
DA:125,6
DA:126,11
DA:127,11
DA:128,6
DA:129,6
DA:130,6
DA:131,8
DA:132,0
DA:133,8
DA:134,1
DA:135,1
DA:136,1
DA:137,1
DA:138,1
DA:139,1
DA:140,1
DA:141,1
DA:142,1
DA:143,8
DA:144,8
DA:145,1
DA:146,1
DA:147,8
DA:148,4
DA:149,4
DA:150,4
DA:151,4
DA:152,7
DA:153,7
DA:154,4
DA:155,8
DA:156,8
DA:157,3
DA:158,3
DA:159,3
DA:160,8
DA:161,1
DA:162,1
DA:163,10
DA:164,10
DA:165,10
DA:166,10
DA:167,10
DA:168,10
DA:169,8
DA:170,8
DA:171,8
DA:172,8
DA:173,8
DA:174,8
DA:175,8
DA:176,8
DA:177,8
DA:178,1
DA:179,1
DA:180,1
DA:181,8
DA:182,7
DA:183,7
DA:184,7
DA:185,7
DA:186,7
DA:187,7
DA:188,7
DA:189,7
DA:190,8
DA:191,4
DA:192,2
DA:193,2
DA:194,4
DA:195,6
DA:196,4
DA:197,4
DA:198,3
DA:199,3
DA:200,3
DA:201,3
DA:202,3
DA:203,3
DA:204,3
DA:205,5
DA:206,5
DA:207,5
DA:208,10
DA:209,10
DA:210,10
DA:211,10
DA:212,3
DA:213,3
DA:214,3
DA:215,3
DA:216,3
DA:217,3
DA:218,10
DA:219,17
DA:220,17
DA:221,17
DA:222,13
DA:223,13
DA:224,13
DA:225,13
DA:226,13
DA:227,13
DA:228,13
DA:229,10
DA:230,10
DA:231,1
DA:232,1
DA:233,1
DA:234,1
DA:235,1
DA:236,1
DA:237,1
DA:238,19
DA:239,19
DA:240,19
DA:241,19
DA:242,19
DA:243,19
DA:244,19
DA:245,1
DA:246,1
DA:247,1
DA:248,13
DA:249,1
DA:250,1
DA:251,1
DA:252,13
DA:253,12
DA:254,12
DA:255,12
DA:256,12
DA:257,12
DA:258,12
DA:259,12
DA:260,12
DA:261,1
DA:262,1
DA:263,28
DA:264,28
DA:265,28
DA:266,28
DA:267,28
DA:268,28
DA:269,28
DA:270,24
DA:271,24
DA:272,40
DA:273,40
DA:274,16
DA:275,16
DA:276,16
DA:277,40
DA:278,40
DA:279,24
DA:280,24
DA:281,24
DA:282,24
DA:283,40
DA:284,24
DA:285,24
DA:286,40
DA:287,24
DA:288,24
DA:289,24
DA:290,24
DA:291,24
DA:292,24
DA:293,24
DA:294,24
DA:295,24
DA:296,24
DA:297,24
DA:298,24
DA:299,1
DA:300,1
DA:301,7
DA:302,7
DA:303,7
DA:304,7
DA:305,7
DA:306,7
DA:307,7
DA:308,7
DA:309,12
DA:310,12
DA:311,12
DA:312,12
DA:313,12
DA:314,12
DA:315,3
DA:316,12
DA:317,12
DA:318,0
DA:319,12
DA:320,12
DA:321,12
DA:322,12
DA:323,7
DA:324,5
DA:325,5
DA:326,0
DA:327,0
DA:328,0
DA:329,0
DA:330,1
DA:331,1
DA:332,16
DA:333,16
DA:334,16
DA:335,16
DA:336,16
DA:337,16
DA:338,16
DA:339,16
DA:340,42
DA:341,42
DA:342,16
DA:343,16
DA:344,1
DA:345,16
DA:346,16
DA:347,16
DA:348,16
DA:349,16
DA:350,0
DA:351,16
DA:352,16
DA:353,1
DA:354,1
DA:355,1
DA:356,39
DA:357,39
DA:358,39
DA:359,39
DA:360,39
DA:361,39
DA:362,39
DA:363,39
DA:364,39
DA:365,34
DA:366,39
DA:367,1
DA:368,32
DA:369,32
DA:370,32
DA:371,25
DA:372,25
DA:373,25
DA:374,1
DA:375,1
DA:376,16
DA:377,16
DA:378,16
DA:379,16
DA:380,1
DA:381,1
DA:382,1
DA:383,1
DA:384,13
DA:385,13
DA:386,13
DA:387,13
DA:388,13
DA:389,13
DA:390,13
DA:391,78
DA:392,78
DA:393,78
DA:394,78
DA:395,78
DA:396,78
DA:397,4
DA:398,4
DA:399,78
DA:400,1
DA:401,1
DA:402,1
DA:403,22
DA:404,22
DA:405,22
DA:406,22
DA:407,22
DA:408,22
DA:409,22
DA:410,22
DA:411,22
DA:412,22
DA:413,1
DA:414,1
DA:415,1
DA:416,1
DA:417,22
DA:418,22
DA:419,22
DA:420,44
DA:421,22
DA:422,1
DA:423,1
DA:424,10
DA:425,10
DA:426,10
DA:427,10
DA:428,10
DA:429,10
DA:430,10
DA:431,1
DA:432,1
DA:433,1
DA:434,1
DA:435,1
DA:436,1
DA:437,1
DA:438,1
DA:439,1
DA:440,1
DA:441,1
DA:442,1
DA:443,1
DA:444,1
DA:445,1
DA:446,1
DA:447,1
DA:448,1
DA:449,1
DA:450,1
DA:451,1
DA:452,1
DA:453,1
DA:454,1
DA:455,1
DA:456,1
DA:457,1
DA:458,1
DA:459,1
DA:460,1
DA:461,1
DA:462,1
DA:463,1
DA:464,1
DA:465,1
DA:466,1
DA:467,1
DA:468,1
DA:469,1
DA:470,1
DA:471,1
DA:472,1
DA:473,1
DA:474,1
DA:475,1
DA:476,1
DA:477,1
DA:478,1
DA:479,1
DA:480,1
DA:481,1
DA:482,1
DA:483,1
DA:484,1
DA:485,1
DA:486,1
DA:487,1
DA:488,1
DA:489,1
DA:490,1
DA:491,1
DA:492,1
DA:493,1
DA:494,1
DA:495,1
DA:496,1
DA:497,1
DA:498,1
DA:499,1
DA:500,1
DA:501,1
DA:502,1
DA:503,1
DA:504,1
DA:505,1
DA:506,1
DA:507,1
DA:508,1
DA:509,1
DA:510,1
DA:511,1
DA:512,1
DA:513,1
DA:514,1
DA:515,1
DA:516,1
DA:517,1
DA:518,1
DA:519,1
DA:520,1
DA:521,1
DA:522,1
DA:523,1
DA:524,1
DA:525,1
DA:526,1
DA:527,1
DA:528,1
DA:529,1
DA:530,1
DA:531,1
DA:532,1
DA:533,1
DA:534,1
DA:535,1
DA:536,1
DA:537,1
DA:538,1
DA:539,1
DA:540,1
DA:541,1
DA:542,1
DA:543,1
DA:544,1
DA:545,1
DA:546,1
DA:547,1
DA:548,1
DA:549,1
DA:550,1
DA:551,1
DA:552,1
DA:553,1
DA:554,1
DA:555,1
DA:556,1
DA:557,1
DA:558,1
DA:559,1
DA:560,1
DA:561,1
DA:562,1
DA:563,1
DA:564,1
DA:565,1
DA:566,1
DA:567,1
DA:568,1
DA:569,1
DA:570,1
DA:571,1
DA:572,1
DA:573,1
DA:574,1
DA:575,1
DA:576,1
DA:577,1
DA:578,1
DA:579,1
DA:580,1
DA:581,1
DA:582,1
DA:583,1
DA:584,1
DA:585,1
LH:575
LF:585
end_of_record
SF:server/src/request-security.ts
FN:2,__name
FN:9,shouldRequireAuth
FN:16,isAuthorizedMutatingRequest
FN:23,isAuthorizedBearerToken
FN:34,isAuthorizedClientWriteToken
FN:42,anonymous_5
FN:50,normalizeHeaderValue
FN:54,timingSafeStringEqual
FNDA:6,__name
FNDA:13,shouldRequireAuth
FNDA:7,isAuthorizedMutatingRequest
FNDA:6,isAuthorizedBearerToken
FNDA:5,isAuthorizedClientWriteToken
FNDA:4,anonymous_5
FNDA:9,normalizeHeaderValue
FNDA:6,timingSafeStringEqual
FNF:8
FNH:8
BRDA:1,0,0,1
BRDA:2,1,0,6
BRDA:9,2,0,13
BRDA:10,3,0,0
BRDA:11,4,0,1
BRDA:11,5,0,12
BRDA:16,6,0,7
BRDA:17,7,0,1
BRDA:18,8,0,6
BRDA:19,9,0,1
BRDA:19,10,0,5
BRDA:23,11,0,6
BRDA:24,12,0,0
BRDA:25,13,0,2
BRDA:25,14,0,4
BRDA:26,15,0,2
BRDA:34,16,0,5
BRDA:41,17,0,2
BRDA:41,18,0,3
BRDA:42,19,0,4
BRDA:50,20,0,9
BRDA:50,21,0,2
BRDA:50,22,0,7
BRDA:53,23,0,3
BRDA:54,24,0,6
BRDA:70,25,0,3
BRF:26
BRH:24
DA:1,1
DA:2,6
DA:3,6
DA:4,1
DA:5,1
DA:6,1
DA:7,1
DA:8,1
DA:9,1
DA:10,13
DA:11,13
DA:12,12
DA:13,12
DA:14,12
DA:15,1
DA:16,7
DA:17,7
DA:18,7
DA:19,7
DA:20,1
DA:21,1
DA:22,1
DA:23,1
DA:24,6
DA:25,6
DA:26,6
DA:27,2
DA:28,2
DA:29,2
DA:30,1
DA:31,1
DA:32,1
DA:33,1
DA:34,1
DA:35,5
DA:36,5
DA:37,5
DA:38,5
DA:39,5
DA:40,5
DA:41,5
DA:42,3
DA:43,4
DA:44,4
DA:45,4
DA:46,1
DA:47,1
DA:48,1
DA:49,1
DA:50,1
DA:51,9
DA:52,9
DA:53,1
DA:54,1
DA:55,6
DA:56,6
DA:57,6
DA:58,6
DA:59,6
DA:60,6
DA:61,6
DA:62,6
DA:63,6
DA:64,6
DA:65,6
DA:66,6
DA:67,6
DA:68,6
DA:69,6
DA:70,1
DA:71,1
DA:72,1
DA:73,1
DA:74,1
DA:75,1
DA:76,1
DA:77,1
DA:78,1
DA:79,1
DA:80,1
DA:81,1
DA:82,1
DA:83,1
DA:84,1
DA:85,1
DA:86,1
DA:87,1
DA:88,1
DA:89,1
DA:90,1
DA:91,1
DA:92,1
DA:93,1
DA:94,1
DA:95,1
DA:96,1
DA:97,1
DA:98,1
DA:99,1
DA:100,1
LH:100
LF:100
end_of_record
SF:server/src/sync.ts
FN:1,__name
FN:5,registerSyncRoutes
FN:16,anonymous_2
FN:76,anonymous_3
FN:92,applyOperation
FN:110,applyGameOperation
FN:154,applyTagOperation
FN:206,applyViewOperation
FN:250,applySettingOperation
FN:284,appendSyncEvent
FN:291,readLatestCursor
FN:300,normalizeOperations
FN:321,normalizeCursor
FN:327,normalizeEntityType
FN:336,normalizeOperationType
FN:343,normalizeObjectPayload
FN:346,normalizeGamePayload
FN:421,normalizeGameIdentityPayload
FN:439,normalizeIdPayload
FN:454,normalizeSettingPayload
FN:465,normalizeSettingIdentityPayload
FN:84,anonymous_21
FNDA:54,__name
FNDA:9,registerSyncRoutes
FNDA:14,anonymous_2
FNDA:2,anonymous_3
FNDA:13,applyOperation
FNDA:5,applyGameOperation
FNDA:3,applyTagOperation
FNDA:3,applyViewOperation
FNDA:2,applySettingOperation
FNDA:11,appendSyncEvent
FNDA:5,readLatestCursor
FNDA:17,normalizeOperations
FNDA:2,normalizeCursor
FNDA:18,normalizeEntityType
FNDA:18,normalizeOperationType
FNDA:13,normalizeObjectPayload
FNDA:4,normalizeGamePayload
FNDA:1,normalizeGameIdentityPayload
FNDA:2,normalizeIdPayload
FNDA:1,normalizeSettingPayload
FNDA:1,normalizeSettingIdentityPayload
FNDA:2,anonymous_21
FNF:22
FNH:22
BRDA:1,0,0,2
BRDA:1,1,0,54
BRDA:5,2,0,9
BRDA:16,3,0,10
BRDA:19,4,0,0
BRDA:24,5,0,4
BRDA:31,6,0,5
BRDA:32,7,0,14
BRDA:39,8,0,2
BRDA:42,9,0,12
BRDA:45,10,0,10
BRDA:49,11,0,2
BRDA:53,12,0,1
BRDA:61,13,0,5
BRDA:62,14,0,4
BRDA:63,15,0,1
BRDA:69,16,0,5
BRDA:76,17,0,2
BRDA:78,18,0,0
BRDA:90,19,0,1
BRDA:92,20,0,13
BRDA:97,21,0,4
BRDA:98,22,0,8
BRDA:98,23,0,3
BRDA:99,24,0,5
BRDA:101,25,0,3
BRDA:102,26,0,2
BRDA:103,27,0,0
BRDA:110,28,0,5
BRDA:115,29,0,1
BRDA:127,30,0,3
BRDA:143,31,0,2
BRDA:154,32,0,3
BRDA:156,33,0,1
BRDA:168,34,0,2
BRDA:171,35,0,1
BRDA:176,36,0,1
BRDA:201,37,0,2
BRDA:206,38,0,3
BRDA:208,39,0,1
BRDA:217,40,0,2
BRDA:223,41,0,1
BRDA:226,42,0,1
BRDA:245,43,0,2
BRDA:250,44,0,2
BRDA:253,45,0,1
BRDA:284,46,0,11
BRDA:291,47,0,5
BRDA:297,48,0,0
BRDA:300,49,0,10
BRDA:303,50,0,1
BRDA:303,51,0,8
BRDA:304,52,0,17
BRDA:306,53,0,0
BRDA:308,54,0,0
BRDA:315,55,0,16
BRDA:315,56,0,1
BRDA:317,57,0,16
BRDA:317,58,0,15
BRDA:317,59,0,3
BRDA:317,60,0,14
BRDA:318,61,0,5
BRDA:321,62,0,2
BRDA:324,63,0,0
BRDA:324,64,0,1
BRDA:327,65,0,18
BRDA:330,66,0,9
BRDA:330,67,0,6
BRDA:330,68,0,3
BRDA:332,69,0,16
BRDA:333,70,0,1
BRDA:336,71,0,18
BRDA:340,72,0,5
BRDA:341,73,0,16
BRDA:341,74,0,1
BRDA:343,75,0,13
BRDA:345,76,0,0
BRDA:346,77,0,4
BRDA:354,78,0,0
BRDA:356,79,0,0
BRDA:358,80,0,0
BRDA:360,81,0,0
BRDA:367,82,0,0
BRDA:374,83,0,0
BRDA:376,84,0,0
BRDA:381,85,0,0
BRDA:385,86,0,0
BRDA:389,87,0,1
BRDA:389,88,0,2
BRDA:390,89,0,0
BRDA:393,90,0,0
BRDA:396,91,0,0
BRDA:404,92,0,0
BRDA:411,93,0,1
BRDA:412,94,0,2
BRDA:415,95,0,0
BRDA:421,96,0,1
BRDA:433,97,0,0
BRDA:435,98,0,0
BRDA:438,99,0,0
BRDA:439,100,0,2
BRDA:446,101,0,0
BRDA:447,102,0,0
BRDA:454,103,0,1
BRDA:456,104,0,0
BRDA:459,105,0,0
BRDA:462,106,0,0
BRDA:465,107,0,1
BRDA:467,108,0,0
BRDA:467,109,0,0
BRDA:84,110,0,2
BRF:111
BRH:79
DA:1,2
DA:2,54
DA:3,2
DA:4,2
DA:5,2
DA:6,9
DA:7,9
DA:8,9
DA:9,9
DA:10,9
DA:11,9
DA:12,9
DA:13,9
DA:14,9
DA:15,9
DA:16,9
DA:17,10
DA:18,10
DA:19,10
DA:20,10
DA:21,10
DA:22,10
DA:23,10
DA:24,10
DA:25,4
DA:26,4
DA:27,4
DA:28,4
DA:29,4
DA:30,4
DA:31,10
DA:32,10
DA:33,14
DA:34,14
DA:35,14
DA:36,14
DA:37,14
DA:38,14
DA:39,14
DA:40,2
DA:41,2
DA:42,2
DA:43,12
DA:44,12
DA:45,14
DA:46,10
DA:47,10
DA:48,10
DA:49,14
DA:50,2
DA:51,2
DA:52,2
DA:53,2
DA:54,1
DA:55,1
DA:56,2
DA:57,2
DA:58,2
DA:59,2
DA:60,2
DA:61,10
DA:62,10
DA:63,10
DA:64,1
DA:65,1
DA:66,1
DA:67,1
DA:68,1
DA:69,10
DA:70,5
DA:71,9
DA:72,9
DA:73,9
DA:74,9
DA:75,9
DA:76,9
DA:77,2
DA:78,2
DA:79,2
DA:80,2
DA:81,2
DA:82,2
DA:83,2
DA:84,2
DA:85,2
DA:86,2
DA:87,2
DA:88,2
DA:89,2
DA:90,2
DA:91,2
DA:92,2
DA:93,13
DA:94,13
DA:95,13
DA:96,13
DA:97,13
DA:98,13
DA:99,13
DA:100,5
DA:101,13
DA:102,13
DA:103,13
DA:104,0
DA:105,2
DA:106,2
DA:107,2
DA:108,2
DA:109,2
DA:110,2
DA:111,5
DA:112,5
DA:113,5
DA:114,5
DA:115,5
DA:116,1
DA:117,1
DA:118,1
DA:119,1
DA:120,1
DA:121,1
DA:122,1
DA:123,1
DA:124,1
DA:125,1
DA:126,1
DA:127,5
DA:128,3
DA:129,3
DA:130,3
DA:131,3
DA:132,3
DA:133,3
DA:134,3
DA:135,3
DA:136,3
DA:137,3
DA:138,3
DA:139,3
DA:140,3
DA:141,3
DA:142,3
DA:143,5
DA:144,2
DA:145,2
DA:146,2
DA:147,2
DA:148,2
DA:149,2
DA:150,2
DA:151,2
DA:152,2
DA:153,2
DA:154,2
DA:155,3
DA:156,3
DA:157,1
DA:158,1
DA:159,1
DA:160,1
DA:161,1
DA:162,1
DA:163,1
DA:164,1
DA:165,1
DA:166,1
DA:167,1
DA:168,3
DA:169,2
DA:170,2
DA:171,3
DA:172,1
DA:173,1
DA:174,1
DA:175,3
DA:176,3
DA:177,1
DA:178,1
DA:179,1
DA:180,1
DA:181,1
DA:182,1
DA:183,1
DA:184,1
DA:185,1
DA:186,1
DA:187,1
DA:188,1
DA:189,1
DA:190,1
DA:191,1
DA:192,1
DA:193,1
DA:194,1
DA:195,1
DA:196,1
DA:197,1
DA:198,1
DA:199,1
DA:200,1
DA:201,3
DA:202,2
DA:203,2
DA:204,2
DA:205,2
DA:206,2
DA:207,3
DA:208,3
DA:209,1
DA:210,1
DA:211,1
DA:212,1
DA:213,1
DA:214,1
DA:215,1
DA:216,1
DA:217,3
DA:218,2
DA:219,2
DA:220,2
DA:221,2
DA:222,2
DA:223,3
DA:224,1
DA:225,3
DA:226,3
DA:227,1
DA:228,1
DA:229,1
DA:230,1
DA:231,1
DA:232,1
DA:233,1
DA:234,1
DA:235,1
DA:236,1
DA:237,1
DA:238,1
DA:239,1
DA:240,1
DA:241,1
DA:242,1
DA:243,1
DA:244,1
DA:245,3
DA:246,2
DA:247,2
DA:248,2
DA:249,2
DA:250,2
DA:251,2
DA:252,2
DA:253,2
DA:254,1
DA:255,1
DA:256,1
DA:257,1
DA:258,1
DA:259,1
DA:260,1
DA:261,1
DA:262,1
DA:263,1
DA:264,1
DA:265,1
DA:266,1
DA:267,1
DA:268,1
DA:269,1
DA:270,1
DA:271,1
DA:272,1
DA:273,1
DA:274,1
DA:275,1
DA:276,1
DA:277,1
DA:278,1
DA:279,1
DA:280,1
DA:281,1
DA:282,2
DA:283,2
DA:284,2
DA:285,11
DA:286,11
DA:287,11
DA:288,11
DA:289,11
DA:290,2
DA:291,2
DA:292,5
DA:293,5
DA:294,5
DA:295,5
DA:296,5
DA:297,5
DA:298,2
DA:299,2
DA:300,2
DA:301,10
DA:302,10
DA:303,10
DA:304,10
DA:305,17
DA:306,17
DA:307,17
DA:308,17
DA:309,17
DA:310,17
DA:311,17
DA:312,17
DA:313,17
DA:314,17
DA:315,17
DA:316,1
DA:317,17
DA:318,14
DA:319,2
DA:320,2
DA:321,2
DA:322,2
DA:323,2
DA:324,2
DA:325,2
DA:326,2
DA:327,2
DA:328,18
DA:329,18
DA:330,18
DA:331,3
DA:332,18
DA:333,18
DA:334,2
DA:335,2
DA:336,2
DA:337,18
DA:338,18
DA:339,18
DA:340,18
DA:341,18
DA:342,2
DA:343,2
DA:344,13
DA:345,2
DA:346,2
DA:347,4
DA:348,4
DA:349,4
DA:350,4
DA:351,4
DA:352,4
DA:353,4
DA:354,4
DA:355,4
DA:356,4
DA:357,4
DA:358,4
DA:359,0
DA:360,4
DA:361,0
DA:362,4
DA:363,4
DA:364,4
DA:365,4
DA:366,4
DA:367,4
DA:368,4
DA:369,4
DA:370,4
DA:371,4
DA:372,4
DA:373,4
DA:374,4
DA:375,4
DA:376,4
DA:377,4
DA:378,4
DA:379,4
DA:380,4
DA:381,4
DA:382,4
DA:383,4
DA:384,4
DA:385,4
DA:386,0
DA:387,0
DA:388,0
DA:389,4
DA:390,4
DA:391,4
DA:392,4
DA:393,4
DA:394,0
DA:395,0
DA:396,4
DA:397,0
DA:398,0
DA:399,0
DA:400,0
DA:401,4
DA:402,4
DA:403,4
DA:404,4
DA:405,4
DA:406,4
DA:407,4
DA:408,4
DA:409,4
DA:410,4
DA:411,4
DA:412,4
DA:413,4
DA:414,4
DA:415,4
DA:416,4
DA:417,2
DA:418,2
DA:419,2
DA:420,2
DA:421,2
DA:422,1
DA:423,1
DA:424,1
DA:425,1
DA:426,1
DA:427,1
DA:428,1
DA:429,1
DA:430,1
DA:431,1
DA:432,1
DA:433,1
DA:434,1
DA:435,1
DA:436,1
DA:437,1
DA:438,2
DA:439,2
DA:440,2
DA:441,2
DA:442,2
DA:443,2
DA:444,2
DA:445,2
DA:446,2
DA:447,2
DA:448,0
DA:449,2
DA:450,2
DA:451,2
DA:452,2
DA:453,2
DA:454,2
DA:455,1
DA:456,1
DA:457,1
DA:458,1
DA:459,1
DA:460,0
DA:461,0
DA:462,1
DA:463,0
DA:464,2
DA:465,2
DA:466,1
DA:467,1
DA:468,0
DA:469,2
DA:470,2
DA:471,2
DA:472,2
DA:473,2
DA:474,2
DA:475,2
DA:476,2
DA:477,2
DA:478,2
DA:479,2
DA:480,2
DA:481,2
DA:482,2
DA:483,2
DA:484,2
DA:485,2
DA:486,2
DA:487,2
DA:488,2
DA:489,2
DA:490,2
DA:491,2
DA:492,2
DA:493,2
DA:494,2
DA:495,2
DA:496,2
DA:497,2
DA:498,2
DA:499,2
DA:500,2
DA:501,2
DA:502,2
DA:503,2
DA:504,2
DA:505,2
DA:506,2
DA:507,2
DA:508,2
DA:509,2
DA:510,2
DA:511,2
DA:512,2
DA:513,2
DA:514,2
DA:515,2
DA:516,2
DA:517,2
DA:518,2
DA:519,2
DA:520,2
DA:521,2
DA:522,2
DA:523,2
DA:524,2
DA:525,2
DA:526,2
DA:527,2
DA:528,2
DA:529,2
DA:530,2
DA:531,2
DA:532,2
DA:533,2
DA:534,2
DA:535,2
DA:536,2
DA:537,2
DA:538,2
DA:539,2
DA:540,2
DA:541,2
DA:542,2
DA:543,2
DA:544,2
DA:545,2
DA:546,2
DA:547,2
DA:548,2
DA:549,2
DA:550,2
DA:551,2
DA:552,2
DA:553,2
DA:554,2
DA:555,2
DA:556,2
DA:557,2
DA:558,2
DA:559,2
DA:560,2
DA:561,2
DA:562,2
DA:563,2
DA:564,2
DA:565,2
DA:566,2
DA:567,2
DA:568,2
DA:569,2
DA:570,2
DA:571,2
DA:572,2
DA:573,2
DA:574,2
LH:557
LF:574
end_of_record

