TN:
SF:worker/src/index.mjs
FN:46,resetCaches
FN:59,jsonResponse
FN:69,normalizeSearchQuery
FN:73,normalizePlatformQuery
FN:77,normalizePlatformIgdbIdQuery
FN:93,normalizePopularityTypeIdQuery
FN:104,normalizeLimitQuery
FN:120,normalizeOffsetQuery
FN:131,normalizeGameIdFromPath
FN:136,resolveTheGamesDbPlatformId
FN:145,getMappedIgdbPlatformIds
FN:147,anonymous_11
FN:148,anonymous_12
FN:151,isSensitiveUrl
FN:155,sanitizeUrlForLogs
FN:160,anonymous_15
FN:172,buildBodyPreview
FN:176,shouldLogHttp
FN:185,createLoggedFetch
FN:190,anonymous_19
FN:223,normalizeIgdbReferenceId
FN:239,normalizeIgdbRankScore
FN:256,normalizeGameTypeLabel
FN:272,normalizeGameTypeValue
FN:287,isRemakeOrRemaster
FN:301,getOriginalGameId
FN:311,sortIgdbSearchResults
FN:316,anonymous_27
FN:325,anonymous_28
FN:327,anonymous_29
FN:335,anonymous_30
FN:337,anonymous_31
FN:362,anonymous_32
FN:367,anonymous_33
FN:370,isBoxArtSearchPath
FN:374,getLocalRateLimitRetryAfterSeconds
FN:393,sweepLocalRateLimitCache
FN:408,parseRetryAfterSeconds
FN:435,resolveRetryAfterSecondsFromHeaders
FN:443,getUpstreamCooldownRemainingSeconds
FN:452,setUpstreamCooldown
FN:466,UpstreamRateLimitError
FN:508,escapeQuery
FN:517,buildCoverUrl
FN:525,normalizeIgdbGame
FN:528,anonymous_45
FN:536,anonymous_46
FN:537,anonymous_47
FN:540,anonymous_48
FN:545,anonymous_49
FN:587,normalizeOptionalText
FN:596,normalizeIgdbUnixDatetime
FN:606,normalizeNumericValue
FN:619,normalizeIgdbNamedCollection
FN:627,anonymous_54
FN:628,anonymous_55
FN:633,normalizeIgdbReferenceIds
FN:641,anonymous_57
FN:642,anonymous_58
FN:647,normalizeIgdbCompanyNames
FN:655,anonymous_60
FN:656,anonymous_61
FN:659,anonymous_62
FN:664,getTheGamesDbApiKey
FN:670,getIgdbRequestTimeoutMs
FN:680,getTheGamesDbRequestTimeoutMs
FN:690,fetchWithTimeout
FN:692,anonymous_67
FN:704,normalizeTheGamesDbUrl
FN:723,normalizeTitleForMatch
FN:731,getTheGamesDbGameTitle
FN:735,getTheGamesDbGameId
FN:739,normalizePlatformForMatch
FN:747,foldToAsciiForSearch
FN:761,buildQueryFallbacks
FN:766,anonymous_75
FN:777,getTheGamesDbPlatformText
FN:787,anonymous_77
FN:791,levenshteinDistance
FN:803,anonymous_79
FN:828,getTitleSimilarityScore
FN:850,anonymous_81
FN:869,findTheGamesDbBoxArtCandidates
FN:882,anonymous_83
FN:902,anonymous_84
FN:903,anonymous_85
FN:944,anonymous_86
FN:949,anonymous_87
FN:990,anonymous_88
FN:991,anonymous_89
FN:995,getTheGamesDbRegionPreferenceScore
FN:1000,getTheGamesDbRegionPreferenceScoreFromIds
FN:1025,getTheGamesDbRegionId
FN:1030,getTheGamesDbCountryId
FN:1035,fetchTheGamesDbBoxArtPayload
FN:1102,searchTheGamesDbBoxArtCandidates
FN:1151,fetchAppToken
FN:1183,listIgdbPlatforms
FN:1235,anonymous_98
FN:1239,anonymous_99
FN:1240,anonymous_100
FN:1240,anonymous_101
FN:1241,anonymous_102
FN:1248,listPopularityTypes
FN:1290,anonymous_104
FN:1298,anonymous_105
FN:1299,anonymous_106
FN:1299,anonymous_107
FN:1300,anonymous_108
FN:1311,fetchIgdbGamesByIds
FN:1320,anonymous_110
FN:1321,anonymous_111
FN:1362,listPopularityPrimitives
FN:1418,anonymous_113
FN:1432,anonymous_114
FN:1440,anonymous_115
FN:1448,anonymous_116
FN:1461,anonymous_117
FN:1479,searchIgdb
FN:1518,anonymous_119
FN:1519,anonymous_120
FN:1629,anonymous_121
FN:1660,fetchIgdbById
FN:1700,handleRequest
FN:1700,now
FNDA:35,resetCaches
FNDA:102,jsonResponse
FNDA:163,normalizeSearchQuery
FNDA:6,normalizePlatformQuery
FNDA:81,normalizePlatformIgdbIdQuery
FNDA:8,normalizePopularityTypeIdQuery
FNDA:6,normalizeLimitQuery
FNDA:6,normalizeOffsetQuery
FNDA:101,normalizeGameIdFromPath
FNDA:3,resolveTheGamesDbPlatformId
FNDA:2,getMappedIgdbPlatformIds
FNDA:232,anonymous_11
FNDA:1266,anonymous_12
FNDA:2,isSensitiveUrl
FNDA:3,sanitizeUrlForLogs
FNDA:9,anonymous_15
FNDA:4,buildBodyPreview
FNDA:101,shouldLogHttp
FNDA:101,createLoggedFetch
FNDA:2,anonymous_19
FNDA:20,normalizeIgdbReferenceId
FNDA:10,normalizeIgdbRankScore
FNDA:20,normalizeGameTypeLabel
FNDA:12,normalizeGameTypeValue
FNDA:6,isRemakeOrRemaster
FNDA:6,getOriginalGameId
FNDA:78,sortIgdbSearchResults
FNDA:4,anonymous_27
FNDA:4,anonymous_28
FNDA:2,anonymous_29
FNDA:4,anonymous_30
FNDA:4,anonymous_31
FNDA:2,anonymous_32
FNDA:4,anonymous_33
FNDA:101,isBoxArtSearchPath
FNDA:97,getLocalRateLimitRetryAfterSeconds
FNDA:97,sweepLocalRateLimitCache
FNDA:6,parseRetryAfterSeconds
FNDA:4,resolveRetryAfterSecondsFromHeaders
FNDA:93,getUpstreamCooldownRemainingSeconds
FNDA:3,setUpstreamCooldown
FNDA:3,UpstreamRateLimitError
FNDA:83,escapeQuery
FNDA:11,buildCoverUrl
FNDA:11,normalizeIgdbGame
FNDA:11,anonymous_45
FNDA:11,anonymous_46
FNDA:11,anonymous_47
FNDA:11,anonymous_48
FNDA:11,anonymous_49
FNDA:24,normalizeOptionalText
FNDA:1,normalizeIgdbUnixDatetime
FNDA:4,normalizeNumericValue
FNDA:34,normalizeIgdbNamedCollection
FNDA:2,anonymous_54
FNDA:2,anonymous_55
FNDA:12,normalizeIgdbReferenceIds
FNDA:3,anonymous_57
FNDA:3,anonymous_58
FNDA:23,normalizeIgdbCompanyNames
FNDA:2,anonymous_60
FNDA:1,anonymous_61
FNDA:1,anonymous_62
FNDA:7,getTheGamesDbApiKey
FNDA:88,getIgdbRequestTimeoutMs
FNDA:8,getTheGamesDbRequestTimeoutMs
FNDA:99,fetchWithTimeout
FNDA:0,anonymous_67
FNDA:15,normalizeTheGamesDbUrl
FNDA:40,normalizeTitleForMatch
FNDA:10,getTheGamesDbGameTitle
FNDA:10,getTheGamesDbGameId
FNDA:11,normalizePlatformForMatch
FNDA:134,foldToAsciiForSearch
FNDA:81,buildQueryFallbacks
FNDA:162,anonymous_75
FNDA:10,getTheGamesDbPlatformText
FNDA:50,anonymous_77
FNDA:2558,levenshteinDistance
FNDA:169,anonymous_79
FNDA:12,getTitleSimilarityScore
FNDA:21,anonymous_81
FNDA:6,findTheGamesDbBoxArtCandidates
FNDA:10,anonymous_83
FNDA:10,anonymous_84
FNDA:7,anonymous_85
FNDA:10,anonymous_86
FNDA:12,anonymous_87
FNDA:7,anonymous_88
FNDA:12,anonymous_89
FNDA:12,getTheGamesDbRegionPreferenceScore
FNDA:26,getTheGamesDbRegionPreferenceScoreFromIds
FNDA:11,getTheGamesDbRegionId
FNDA:11,getTheGamesDbCountryId
FNDA:7,fetchTheGamesDbBoxArtPayload
FNDA:7,searchTheGamesDbBoxArtCandidates
FNDA:89,fetchAppToken
FNDA:3,listIgdbPlatforms
FNDA:2,anonymous_98
FNDA:2,anonymous_99
FNDA:2,anonymous_100
FNDA:3,anonymous_101
FNDA:1,anonymous_102
FNDA:3,listPopularityTypes
FNDA:2,anonymous_104
FNDA:2,anonymous_105
FNDA:2,anonymous_106
FNDA:3,anonymous_107
FNDA:2,anonymous_108
FNDA:1,fetchIgdbGamesByIds
FNDA:1,anonymous_110
FNDA:1,anonymous_111
FNDA:4,listPopularityPrimitives
FNDA:1,anonymous_113
FNDA:1,anonymous_114
FNDA:1,anonymous_115
FNDA:1,anonymous_116
FNDA:1,anonymous_117
FNDA:82,searchIgdb
FNDA:219,anonymous_119
FNDA:219,anonymous_120
FNDA:8,anonymous_121
FNDA:2,fetchIgdbById
FNDA:102,handleRequest
FNDA:30,now
FNF:125
FNH:124
BRDA:1,0,0,1
BRDA:46,1,0,35
BRDA:59,2,0,102
BRDA:69,3,0,163
BRDA:70,4,0,0
BRDA:73,5,0,6
BRDA:74,6,0,5
BRDA:77,7,0,81
BRDA:78,8,0,76
BRDA:80,9,0,77
BRDA:82,10,0,4
BRDA:86,11,0,0
BRDA:88,12,0,4
BRDA:93,13,0,8
BRDA:94,14,0,1
BRDA:96,15,0,3
BRDA:98,16,0,5
BRDA:101,17,0,5
BRDA:101,18,0,0
BRDA:104,19,0,6
BRDA:105,20,0,2
BRDA:107,21,0,2
BRDA:109,22,0,4
BRDA:113,23,0,1
BRDA:115,24,0,3
BRDA:120,25,0,6
BRDA:121,26,0,2
BRDA:123,27,0,2
BRDA:125,28,0,4
BRDA:128,29,0,3
BRDA:128,30,0,1
BRDA:128,31,0,3
BRDA:131,32,0,101
BRDA:133,33,0,3
BRDA:133,34,0,98
BRDA:136,35,0,3
BRDA:137,36,0,1
BRDA:139,37,0,2
BRDA:142,38,0,2
BRDA:142,39,0,0
BRDA:145,40,0,2
BRDA:147,41,0,232
BRDA:148,42,0,1266
BRDA:151,43,0,2
BRDA:155,44,0,3
BRDA:167,45,0,0
BRDA:160,46,0,9
BRDA:161,47,0,4
BRDA:172,48,0,4
BRDA:173,49,0,3
BRDA:173,50,0,2
BRDA:173,51,0,2
BRDA:176,52,0,101
BRDA:177,53,0,1
BRDA:179,54,0,100
BRDA:185,55,0,101
BRDA:186,56,0,100
BRDA:188,57,0,1
BRDA:190,58,0,2
BRDA:192,59,0,0
BRDA:204,60,0,1
BRDA:207,61,0,0
BRDA:223,62,0,20
BRDA:224,63,0,9
BRDA:224,64,0,9
BRDA:226,65,0,11
BRDA:228,66,0,3
BRDA:228,67,0,3
BRDA:234,68,0,8
BRDA:239,69,0,6
BRDA:247,70,0,10
BRDA:248,71,0,5
BRDA:248,72,0,5
BRDA:251,73,0,1
BRDA:256,74,0,20
BRDA:257,75,0,3
BRDA:257,76,0,3
BRDA:259,77,0,17
BRDA:261,78,0,2
BRDA:261,79,0,2
BRDA:262,80,0,0
BRDA:267,81,0,15
BRDA:272,82,0,12
BRDA:275,83,0,11
BRDA:277,84,0,1
BRDA:283,85,0,0
BRDA:287,86,0,6
BRDA:290,87,0,5
BRDA:290,88,0,2
BRDA:292,89,0,4
BRDA:295,90,0,3
BRDA:295,91,0,1
BRDA:297,92,0,2
BRDA:301,93,0,6
BRDA:304,94,0,2
BRDA:306,95,0,4
BRDA:311,96,0,78
BRDA:312,97,0,76
BRDA:313,98,0,0
BRDA:314,99,0,2
BRDA:316,100,0,4
BRDA:325,101,0,4
BRDA:327,102,0,2
BRDA:330,103,0,0
BRDA:335,104,0,4
BRDA:337,105,0,4
BRDA:338,106,0,3
BRDA:338,107,0,3
BRDA:338,108,0,1
BRDA:340,109,0,3
BRDA:347,110,0,3
BRDA:349,111,0,2
BRDA:351,112,0,1
BRDA:356,113,0,0
BRDA:358,114,0,1
BRDA:362,115,0,2
BRDA:367,116,0,4
BRDA:370,117,0,101
BRDA:374,118,0,97
BRDA:376,119,0,0
BRDA:379,120,0,65
BRDA:379,121,0,32
BRDA:382,122,0,65
BRDA:384,123,0,1
BRDA:387,124,0,64
BRDA:393,125,0,97
BRDA:399,126,0,0
BRDA:408,127,0,6
BRDA:409,128,0,2
BRDA:411,129,0,4
BRDA:415,130,0,3
BRDA:415,131,0,3
BRDA:420,132,0,1
BRDA:424,133,0,0
BRDA:426,134,0,1
BRDA:435,135,0,4
BRDA:436,136,0,2
BRDA:438,137,0,2
BRDA:443,138,0,93
BRDA:444,139,0,89
BRDA:446,140,0,4
BRDA:452,141,0,3
BRDA:466,142,0,3
BRDA:508,143,0,83
BRDA:509,144,0,0
BRDA:517,145,0,11
BRDA:518,146,0,1
BRDA:520,147,0,10
BRDA:525,148,0,11
BRDA:544,149,0,0
BRDA:548,150,0,0
BRDA:551,151,0,0
BRDA:562,152,0,0
BRDA:566,153,0,0
BRDA:567,154,0,10
BRDA:567,155,0,1
BRDA:568,156,0,10
BRDA:568,157,0,10
BRDA:568,158,0,1
BRDA:580,159,0,0
BRDA:581,160,0,0
BRDA:528,161,0,11
BRDA:529,162,0,0
BRDA:530,163,0,10
BRDA:530,164,0,1
BRDA:532,165,0,10
BRDA:532,166,0,10
BRDA:532,167,0,1
BRDA:536,168,0,11
BRDA:537,169,0,11
BRDA:540,170,0,11
BRDA:545,171,0,11
BRDA:587,172,0,24
BRDA:588,173,0,22
BRDA:590,174,0,2
BRDA:593,175,0,1
BRDA:593,176,0,1
BRDA:596,177,0,1
BRDA:597,178,0,0
BRDA:603,179,0,0
BRDA:606,180,0,4
BRDA:607,181,0,2
BRDA:607,182,0,2
BRDA:613,183,0,1
BRDA:613,184,0,1
BRDA:614,185,0,0
BRDA:619,186,0,34
BRDA:620,187,0,33
BRDA:622,188,0,1
BRDA:627,189,0,2
BRDA:627,190,0,0
BRDA:628,191,0,2
BRDA:633,192,0,12
BRDA:634,193,0,11
BRDA:636,194,0,1
BRDA:641,195,0,3
BRDA:642,196,0,3
BRDA:642,197,0,2
BRDA:647,198,0,23
BRDA:648,199,0,22
BRDA:650,200,0,1
BRDA:655,201,0,2
BRDA:656,202,0,1
BRDA:657,203,0,0
BRDA:659,204,0,1
BRDA:664,205,0,7
BRDA:666,206,0,6
BRDA:667,207,0,1
BRDA:670,208,0,88
BRDA:671,209,0,86
BRDA:673,210,0,2
BRDA:673,211,0,87
BRDA:675,212,0,1
BRDA:680,213,0,8
BRDA:681,214,0,7
BRDA:683,215,0,1
BRDA:683,216,0,7
BRDA:685,217,0,1
BRDA:690,218,0,99
BRDA:704,219,0,15
BRDA:705,220,0,1
BRDA:707,221,0,14
BRDA:709,222,0,1
BRDA:711,223,0,13
BRDA:713,224,0,0
BRDA:715,225,0,0
BRDA:717,226,0,13
BRDA:719,227,0,0
BRDA:723,228,0,40
BRDA:724,229,0,0
BRDA:731,230,0,10
BRDA:732,231,0,0
BRDA:732,232,0,0
BRDA:732,233,0,0
BRDA:735,234,0,10
BRDA:736,235,0,0
BRDA:739,236,0,11
BRDA:740,237,0,0
BRDA:747,238,0,134
BRDA:748,239,0,0
BRDA:750,240,0,9
BRDA:752,241,0,125
BRDA:756,242,0,0
BRDA:761,243,0,81
BRDA:762,244,0,0
BRDA:766,245,0,162
BRDA:767,246,0,76
BRDA:769,247,0,86
BRDA:777,248,0,10
BRDA:787,249,0,50
BRDA:787,250,0,1
BRDA:791,251,0,11
BRDA:795,252,0,0
BRDA:799,253,0,0
BRDA:805,254,0,169
BRDA:809,255,0,177
BRDA:813,256,0,158
BRDA:814,257,0,2558
BRDA:815,258,0,273
BRDA:815,259,0,2285
BRDA:803,260,0,169
BRDA:828,261,0,12
BRDA:832,262,0,11
BRDA:832,263,0,1
BRDA:834,264,0,11
BRDA:838,265,0,9
BRDA:840,266,0,11
BRDA:842,267,0,2
BRDA:842,268,0,10
BRDA:844,269,0,11
BRDA:850,270,0,21
BRDA:869,271,0,6
BRDA:875,272,0,0
BRDA:877,273,0,1
BRDA:879,274,0,5
BRDA:926,275,0,0
BRDA:928,276,0,5
BRDA:932,277,0,5
BRDA:932,278,0,0
BRDA:933,279,0,0
BRDA:934,280,0,0
BRDA:937,281,0,0
BRDA:939,282,0,5
BRDA:941,283,0,0
BRDA:882,284,0,10
BRDA:902,285,0,10
BRDA:903,286,0,7
BRDA:906,287,0,1
BRDA:908,288,0,6
BRDA:913,289,0,6
BRDA:915,290,0,6
BRDA:915,291,0,6
BRDA:921,292,0,0
BRDA:944,293,0,10
BRDA:947,294,0,0
BRDA:949,295,0,12
BRDA:950,296,0,0
BRDA:951,297,0,0
BRDA:952,298,0,0
BRDA:952,299,0,0
BRDA:955,300,0,0
BRDA:965,301,0,10
BRDA:971,302,0,5
BRDA:974,303,0,2
BRDA:983,304,0,0
BRDA:990,305,0,7
BRDA:991,306,0,12
BRDA:995,307,0,12
BRDA:1000,308,0,26
BRDA:1002,309,0,6
BRDA:1002,310,0,6
BRDA:1002,311,0,20
BRDA:1004,312,0,17
BRDA:1004,313,0,17
BRDA:1004,314,0,9
BRDA:1006,315,0,17
BRDA:1006,316,0,8
BRDA:1008,317,0,18
BRDA:1010,318,0,3
BRDA:1012,319,0,15
BRDA:1014,320,0,6
BRDA:1014,321,0,3
BRDA:1016,322,0,12
BRDA:1018,323,0,3
BRDA:1018,324,0,3
BRDA:1020,325,0,9
BRDA:1025,326,0,11
BRDA:1026,327,0,7
BRDA:1027,328,0,4
BRDA:1027,329,0,3
BRDA:1027,330,0,8
BRDA:1030,331,0,11
BRDA:1031,332,0,3
BRDA:1032,333,0,8
BRDA:1032,334,0,8
BRDA:1032,335,0,3
BRDA:1035,336,0,7
BRDA:1039,337,0,1
BRDA:1040,338,0,1
BRDA:1041,339,0,6
BRDA:1043,340,0,1
BRDA:1046,341,0,6
BRDA:1053,342,0,1
BRDA:1055,343,0,6
BRDA:1065,344,0,1
BRDA:1070,345,0,0
BRDA:1081,346,0,5
BRDA:1085,347,0,0
BRDA:1092,348,0,0
BRDA:1102,349,0,6
BRDA:1103,350,0,0
BRDA:1105,351,0,1
BRDA:1105,352,0,1
BRDA:1105,353,0,5
BRDA:1108,354,0,1
BRDA:1109,355,0,5
BRDA:1111,356,0,1
BRDA:1111,357,0,0
BRDA:1120,358,0,7
BRDA:1128,359,0,5
BRDA:1129,360,0,2
BRDA:1131,361,0,3
BRDA:1131,362,0,0
BRDA:1143,363,0,4
BRDA:1146,364,0,2
BRDA:1151,365,0,89
BRDA:1152,366,0,63
BRDA:1152,367,0,63
BRDA:1154,368,0,26
BRDA:1156,369,0,25
BRDA:1156,370,0,1
BRDA:1158,371,0,25
BRDA:1167,372,0,1
BRDA:1169,373,0,24
BRDA:1173,374,0,0
BRDA:1175,375,0,24
BRDA:1183,376,0,3
BRDA:1185,377,0,1
BRDA:1185,378,0,1
BRDA:1187,379,0,2
BRDA:1191,380,0,0
BRDA:1195,381,0,2
BRDA:1218,382,0,1
BRDA:1222,383,0,0
BRDA:1224,384,0,1
BRDA:1228,385,0,0
BRDA:1232,386,0,1
BRDA:1235,387,0,2
BRDA:1236,388,0,0
BRDA:1237,389,0,0
BRDA:1239,390,0,2
BRDA:1240,391,0,2
BRDA:1240,392,0,3
BRDA:1241,393,0,1
BRDA:1248,394,0,3
BRDA:1250,395,0,1
BRDA:1250,396,0,1
BRDA:1252,397,0,2
BRDA:1273,398,0,0
BRDA:1275,399,0,2
BRDA:1277,400,0,0
BRDA:1279,401,0,2
BRDA:1283,402,0,1
BRDA:1290,403,0,2
BRDA:1291,404,0,0
BRDA:1292,405,0,0
BRDA:1296,406,0,0
BRDA:1298,407,0,2
BRDA:1299,408,0,2
BRDA:1299,409,0,3
BRDA:1300,410,0,2
BRDA:1311,411,0,1
BRDA:1313,412,0,0
BRDA:1325,413,0,0
BRDA:1350,414,0,0
BRDA:1354,415,0,0
BRDA:1359,416,0,0
BRDA:1320,417,0,1
BRDA:1320,418,0,0
BRDA:1321,419,0,1
BRDA:1362,420,0,4
BRDA:1373,421,0,0
BRDA:1375,422,0,0
BRDA:1379,423,0,0
BRDA:1380,424,0,0
BRDA:1405,425,0,1
BRDA:1409,426,0,3
BRDA:1411,427,0,0
BRDA:1413,428,0,3
BRDA:1433,429,0,0
BRDA:1435,430,0,2
BRDA:1437,431,0,1
BRDA:1418,432,0,1
BRDA:1419,433,0,0
BRDA:1423,434,0,0
BRDA:1428,435,0,0
BRDA:1432,436,0,1
BRDA:1440,437,0,1
BRDA:1448,438,0,1
BRDA:1449,439,0,0
BRDA:1451,440,0,0
BRDA:1461,441,0,1
BRDA:1464,442,0,0
BRDA:1479,443,0,73
BRDA:1482,444,0,2
BRDA:1482,445,0,2
BRDA:1482,446,0,71
BRDA:1510,447,0,2
BRDA:1510,448,0,71
BRDA:1512,449,0,0
BRDA:1524,450,0,0
BRDA:1533,451,0,75
BRDA:1536,452,0,79
BRDA:1539,453,0,82
BRDA:1544,454,0,3
BRDA:1548,455,0,0
BRDA:1566,456,0,1
BRDA:1570,457,0,81
BRDA:1572,458,0,4
BRDA:1577,459,0,0
BRDA:1592,460,0,1
BRDA:1592,461,0,1
BRDA:1597,462,0,77
BRDA:1603,463,0,0
BRDA:1612,464,0,77
BRDA:1614,465,0,0
BRDA:1623,466,0,77
BRDA:1641,467,0,81
BRDA:1642,468,0,78
BRDA:1644,469,0,6
BRDA:1647,470,0,74
BRDA:1649,471,0,6
BRDA:1651,472,0,66
BRDA:1653,473,0,65
BRDA:1655,474,0,1
BRDA:1518,475,0,219
BRDA:1519,476,0,219
BRDA:1629,477,0,8
BRDA:1630,478,0,0
BRDA:1632,479,0,0
BRDA:1660,480,0,2
BRDA:1683,481,0,0
BRDA:1687,482,0,0
BRDA:1693,483,0,1
BRDA:1700,484,0,102
BRDA:1701,485,0,1
BRDA:1703,486,0,101
BRDA:1718,487,0,24
BRDA:1719,488,0,21
BRDA:1720,489,0,18
BRDA:1721,490,0,12
BRDA:1722,491,0,9
BRDA:1724,492,0,2
BRDA:1726,493,0,99
BRDA:1728,494,0,22
BRDA:1728,495,0,84
BRDA:1731,496,0,2
BRDA:1734,497,0,97
BRDA:1738,498,0,36
BRDA:1740,499,0,21
BRDA:1741,500,0,18
BRDA:1742,501,0,15
BRDA:1743,502,0,9
BRDA:1748,503,0,1
BRDA:1754,504,0,96
BRDA:1756,505,0,90
BRDA:1759,506,0,1
BRDA:1766,507,0,95
BRDA:1769,508,0,6
BRDA:1781,509,0,89
BRDA:1783,510,0,87
BRDA:1785,511,0,3
BRDA:1786,512,0,2
BRDA:1788,513,0,84
BRDA:1790,514,0,3
BRDA:1793,515,0,81
BRDA:1795,516,0,6
BRDA:1798,517,0,2
BRDA:1800,518,0,4
BRDA:1812,519,0,3
BRDA:1814,520,0,75
BRDA:1816,521,0,73
BRDA:1820,522,0,71
BRDA:1822,523,0,2
BRDA:1826,524,0,1
BRDA:1831,525,0,6
BRDA:1832,526,0,3
BRDA:1700,527,0,30
BRF:528
BRH:425
DA:1,1
DA:2,1
DA:3,1
DA:4,1
DA:5,1
DA:6,1
DA:7,1
DA:8,1
DA:9,1
DA:10,1
DA:11,1
DA:12,1
DA:13,1
DA:14,1
DA:15,1
DA:16,1
DA:17,1
DA:18,1
DA:19,1
DA:20,1
DA:21,1
DA:22,1
DA:23,1
DA:24,1
DA:25,1
DA:26,1
DA:27,1
DA:28,1
DA:29,1
DA:30,1
DA:31,1
DA:32,1
DA:33,1
DA:34,1
DA:35,1
DA:36,1
DA:37,1
DA:38,1
DA:39,1
DA:40,1
DA:41,1
DA:42,1
DA:43,1
DA:44,1
DA:45,1
DA:46,1
DA:47,35
DA:48,35
DA:49,35
DA:50,35
DA:51,35
DA:52,35
DA:53,35
DA:54,35
DA:55,35
DA:56,35
DA:57,35
DA:58,1
DA:59,102
DA:60,102
DA:61,102
DA:62,102
DA:63,102
DA:64,102
DA:65,102
DA:66,102
DA:67,102
DA:68,1
DA:69,163
DA:70,163
DA:71,163
DA:72,1
DA:73,6
DA:74,6
DA:75,6
DA:76,1
DA:77,81
DA:78,81
DA:79,81
DA:80,81
DA:81,77
DA:82,77
DA:83,4
DA:84,4
DA:85,4
DA:86,81
DA:87,0
DA:88,0
DA:89,4
DA:90,4
DA:91,81
DA:92,1
DA:93,8
DA:94,8
DA:95,8
DA:96,8
DA:97,3
DA:98,3
DA:99,5
DA:100,5
DA:101,8
DA:102,8
DA:103,1
DA:104,6
DA:105,6
DA:106,6
DA:107,6
DA:108,2
DA:109,2
DA:110,4
DA:111,4
DA:112,4
DA:113,6
DA:114,1
DA:115,1
DA:116,3
DA:117,3
DA:118,6
DA:119,1
DA:120,6
DA:121,6
DA:122,6
DA:123,6
DA:124,2
DA:125,2
DA:126,4
DA:127,4
DA:128,6
DA:129,6
DA:130,1
DA:131,101
DA:132,101
DA:133,101
DA:134,101
DA:135,1
DA:136,3
DA:137,3
DA:138,1
DA:139,1
DA:140,2
DA:141,2
DA:142,3
DA:143,3
DA:144,1
DA:145,2
DA:146,2
DA:147,2
DA:148,2
DA:149,2
DA:150,1
DA:151,2
DA:152,2
DA:153,2
DA:154,1
DA:155,3
DA:156,3
DA:157,3
DA:158,3
DA:159,3
DA:160,3
DA:161,9
DA:162,4
DA:163,4
DA:164,3
DA:165,3
DA:166,3
DA:167,3
DA:168,0
DA:169,0
DA:170,3
DA:171,1
DA:172,4
DA:173,4
DA:174,4
DA:175,1
DA:176,101
DA:177,101
DA:178,1
DA:179,1
DA:180,100
DA:181,100
DA:182,101
DA:183,101
DA:184,1
DA:185,101
DA:186,101
DA:187,100
DA:188,100
DA:189,1
DA:190,1
DA:191,2
DA:192,2
DA:193,2
DA:194,2
DA:195,2
DA:196,2
DA:197,2
DA:198,2
DA:199,2
DA:200,2
DA:201,2
DA:202,2
DA:203,2
DA:204,2
DA:205,1
DA:206,1
DA:207,1
DA:208,0
DA:209,0
DA:210,1
DA:211,2
DA:212,2
DA:213,2
DA:214,2
DA:215,2
DA:216,2
DA:217,2
DA:218,2
DA:219,2
DA:220,1
DA:221,101
DA:222,1
DA:223,20
DA:224,20
DA:225,9
DA:226,9
DA:227,11
DA:228,20
DA:229,3
DA:230,3
DA:231,3
DA:232,3
DA:233,3
DA:234,3
DA:235,8
DA:236,8
DA:237,20
DA:238,1
DA:239,6
DA:240,6
DA:241,6
DA:242,6
DA:243,6
DA:244,6
DA:245,6
DA:246,6
DA:247,6
DA:248,10
DA:249,5
DA:250,5
DA:251,10
DA:252,1
DA:253,1
DA:254,6
DA:255,1
DA:256,20
DA:257,20
DA:258,3
DA:259,3
DA:260,17
DA:261,20
DA:262,2
DA:263,2
DA:264,2
DA:265,2
DA:266,2
DA:267,2
DA:268,15
DA:269,15
DA:270,20
DA:271,1
DA:272,12
DA:273,12
DA:274,12
DA:275,12
DA:276,11
DA:277,11
DA:278,1
DA:279,1
DA:280,1
DA:281,1
DA:282,1
DA:283,12
DA:284,12
DA:285,12
DA:286,1
DA:287,6
DA:288,6
DA:289,6
DA:290,6
DA:291,2
DA:292,2
DA:293,4
DA:294,4
DA:295,6
DA:296,6
DA:297,6
DA:298,6
DA:299,6
DA:300,1
DA:301,6
DA:302,6
DA:303,6
DA:304,6
DA:305,2
DA:306,2
DA:307,4
DA:308,6
DA:309,6
DA:310,1
DA:311,78
DA:312,78
DA:313,76
DA:314,76
DA:315,2
DA:316,2
DA:317,4
DA:318,4
DA:319,4
DA:320,4
DA:321,4
DA:322,4
DA:323,2
DA:324,2
DA:325,2
DA:326,2
DA:327,2
DA:328,2
DA:329,2
DA:330,2
DA:331,0
DA:332,0
DA:333,2
DA:334,2
DA:335,2
DA:336,2
DA:337,2
DA:338,4
DA:339,1
DA:340,1
DA:341,3
DA:342,3
DA:343,3
DA:344,3
DA:345,3
DA:346,3
DA:347,4
DA:348,3
DA:349,4
DA:350,2
DA:351,2
DA:352,1
DA:353,1
DA:354,1
DA:355,1
DA:356,4
DA:357,0
DA:358,0
DA:359,1
DA:360,1
DA:361,1
DA:362,1
DA:363,2
DA:364,1
DA:365,2
DA:366,2
DA:367,2
DA:368,78
DA:369,1
DA:370,101
DA:371,101
DA:372,101
DA:373,1
DA:374,97
DA:375,97
DA:376,97
DA:377,97
DA:378,97
DA:379,97
DA:380,32
DA:381,32
DA:382,32
DA:383,65
DA:384,97
DA:385,1
DA:386,1
DA:387,1
DA:388,64
DA:389,64
DA:390,64
DA:391,97
DA:392,1
DA:393,97
DA:394,97
DA:395,97
DA:396,97
DA:397,97
DA:398,97
DA:399,97
DA:400,0
DA:401,0
DA:402,0
DA:403,0
DA:404,0
DA:405,0
DA:406,97
DA:407,1
DA:408,6
DA:409,6
DA:410,2
DA:411,2
DA:412,4
DA:413,4
DA:414,4
DA:415,6
DA:416,3
DA:417,3
DA:418,3
DA:419,3
DA:420,3
DA:421,1
DA:422,1
DA:423,1
DA:424,6
DA:425,0
DA:426,0
DA:427,1
DA:428,1
DA:429,1
DA:430,1
DA:431,1
DA:432,1
DA:433,6
DA:434,1
DA:435,4
DA:436,4
DA:437,4
DA:438,4
DA:439,2
DA:440,4
DA:441,4
DA:442,1
DA:443,93
DA:444,93
DA:445,89
DA:446,89
DA:447,4
DA:448,4
DA:449,4
DA:450,93
DA:451,1
DA:452,3
DA:453,3
DA:454,3
DA:455,3
DA:456,3
DA:457,3
DA:458,3
DA:459,3
DA:460,3
DA:461,3
DA:462,3
DA:463,3
DA:464,1
DA:465,1
DA:466,1
DA:467,3
DA:468,3
DA:469,3
DA:470,3
DA:471,1
DA:472,1
DA:473,1
DA:474,1
DA:475,1
DA:476,1
DA:477,1
DA:478,1
DA:479,1
DA:480,1
DA:481,1
DA:482,1
DA:483,1
DA:484,1
DA:485,1
DA:486,1
DA:487,1
DA:488,1
DA:489,1
DA:490,1
DA:491,1
DA:492,1
DA:493,1
DA:494,1
DA:495,1
DA:496,1
DA:497,1
DA:498,1
DA:499,1
DA:500,1
DA:501,1
DA:502,1
DA:503,1
DA:504,1
DA:505,1
DA:506,1
DA:507,1
DA:508,83
DA:509,83
DA:510,83
DA:511,83
DA:512,83
DA:513,83
DA:514,83
DA:515,83
DA:516,1
DA:517,1
DA:518,11
DA:519,1
DA:520,1
DA:521,10
DA:522,10
DA:523,11
DA:524,1
DA:525,1
DA:526,11
DA:527,11
DA:528,11
DA:529,11
DA:530,11
DA:531,11
DA:532,11
DA:533,11
DA:534,11
DA:535,11
DA:536,11
DA:537,11
DA:538,11
DA:539,11
DA:540,11
DA:541,11
DA:542,11
DA:543,11
DA:544,11
DA:545,11
DA:546,11
DA:547,11
DA:548,11
DA:549,11
DA:550,11
DA:551,11
DA:552,11
DA:553,11
DA:554,11
DA:555,11
DA:556,11
DA:557,11
DA:558,11
DA:559,11
DA:560,11
DA:561,11
DA:562,11
DA:563,11
DA:564,11
DA:565,11
DA:566,11
DA:567,11
DA:568,11
DA:569,11
DA:570,11
DA:571,11
DA:572,11
DA:573,11
DA:574,11
DA:575,11
DA:576,11
DA:577,11
DA:578,11
DA:579,11
DA:580,11
DA:581,11
DA:582,11
DA:583,11
DA:584,11
DA:585,11
DA:586,1
DA:587,24
DA:588,24
DA:589,22
DA:590,22
DA:591,2
DA:592,2
DA:593,24
DA:594,24
DA:595,1
DA:596,1
DA:597,1
DA:598,0
DA:599,0
DA:600,1
DA:601,1
DA:602,1
DA:603,1
DA:604,1
DA:605,1
DA:606,4
DA:607,4
DA:608,2
DA:609,2
DA:610,2
DA:611,2
DA:612,2
DA:613,2
DA:614,2
DA:615,0
DA:616,0
DA:617,4
DA:618,1
DA:619,34
DA:620,34
DA:621,33
DA:622,33
DA:623,1
DA:624,1
DA:625,1
DA:626,1
DA:627,1
DA:628,1
DA:629,1
DA:630,1
DA:631,34
DA:632,1
DA:633,12
DA:634,12
DA:635,11
DA:636,11
DA:637,1
DA:638,1
DA:639,1
DA:640,1
DA:641,1
DA:642,1
DA:643,1
DA:644,1
DA:645,12
DA:646,1
DA:647,23
DA:648,23
DA:649,22
DA:650,22
DA:651,1
DA:652,1
DA:653,1
DA:654,1
DA:655,1
DA:656,1
DA:657,1
DA:658,1
DA:659,1
DA:660,1
DA:661,1
DA:662,23
DA:663,1
DA:664,7
DA:665,7
DA:666,7
DA:667,7
DA:668,7
DA:669,1
DA:670,88
DA:671,88
DA:672,88
DA:673,88
DA:674,87
DA:675,87
DA:676,1
DA:677,1
DA:678,88
DA:679,1
DA:680,8
DA:681,8
DA:682,8
DA:683,8
DA:684,7
DA:685,7
DA:686,1
DA:687,1
DA:688,8
DA:689,1
DA:690,99
DA:691,99
DA:692,99
DA:693,99
DA:694,99
DA:695,99
DA:696,99
DA:697,99
DA:698,99
DA:699,99
DA:700,99
DA:701,99
DA:702,99
DA:703,1
DA:704,15
DA:705,15
DA:706,1
DA:707,1
DA:708,14
DA:709,15
DA:710,1
DA:711,1
DA:712,13
DA:713,15
DA:714,15
DA:715,15
DA:716,0
DA:717,0
DA:718,13
DA:719,15
DA:720,15
DA:721,15
DA:722,1
DA:723,40
DA:724,40
DA:725,40
DA:726,40
DA:727,40
DA:728,40
DA:729,40
DA:730,1
DA:731,10
DA:732,10
DA:733,10
DA:734,1
DA:735,10
DA:736,10
DA:737,10
DA:738,1
DA:739,11
DA:740,11
DA:741,11
DA:742,11
DA:743,11
DA:744,11
DA:745,11
DA:746,1
DA:747,134
DA:748,134
DA:749,134
DA:750,134
DA:751,9
DA:752,9
DA:753,125
DA:754,125
DA:755,125
DA:756,134
DA:757,0
DA:758,0
DA:759,134
DA:760,1
DA:761,81
DA:762,81
DA:763,81
DA:764,81
DA:765,81
DA:766,81
DA:767,162
DA:768,76
DA:769,76
DA:770,86
DA:771,86
DA:772,81
DA:773,81
DA:774,81
DA:775,81
DA:776,1
DA:777,10
DA:778,10
DA:779,10
DA:780,10
DA:781,10
DA:782,10
DA:783,10
DA:784,10
DA:785,10
DA:786,10
DA:787,10
DA:788,10
DA:789,10
DA:790,1
DA:791,11
DA:792,11
DA:793,11
DA:794,11
DA:795,11
DA:796,0
DA:797,0
DA:798,11
DA:799,11
DA:800,0
DA:801,0
DA:802,11
DA:803,11
DA:804,11
DA:805,11
DA:806,169
DA:807,169
DA:808,11
DA:809,11
DA:810,177
DA:811,177
DA:812,11
DA:813,11
DA:814,158
DA:815,2558
DA:816,2558
DA:817,2558
DA:818,2558
DA:819,2558
DA:820,2558
DA:821,2558
DA:822,2558
DA:823,158
DA:824,11
DA:825,11
DA:826,11
DA:827,1
DA:828,12
DA:829,12
DA:830,12
DA:831,12
DA:832,12
DA:833,1
DA:834,1
DA:835,11
DA:836,11
DA:837,11
DA:838,12
DA:839,9
DA:840,9
DA:841,11
DA:842,12
DA:843,10
DA:844,10
DA:845,11
DA:846,11
DA:847,11
DA:848,11
DA:849,11
DA:850,11
DA:851,21
DA:852,11
DA:853,11
DA:854,11
DA:855,11
DA:856,11
DA:857,11
DA:858,11
DA:859,11
DA:860,11
DA:861,11
DA:862,11
DA:863,11
DA:864,11
DA:865,11
DA:866,11
DA:867,12
DA:868,1
DA:869,6
DA:870,6
DA:871,6
DA:872,6
DA:873,6
DA:874,6
DA:875,6
DA:876,6
DA:877,6
DA:878,1
DA:879,1
DA:880,5
DA:881,5
DA:882,5
DA:883,10
DA:884,10
DA:885,10
DA:886,10
DA:887,10
DA:888,10
DA:889,10
DA:890,10
DA:891,10
DA:892,10
DA:893,10
DA:894,10
DA:895,10
DA:896,10
DA:897,10
DA:898,10
DA:899,10
DA:900,10
DA:901,5
DA:902,5
DA:903,5
DA:904,7
DA:905,7
DA:906,7
DA:907,1
DA:908,1
DA:909,6
DA:910,6
DA:911,7
DA:912,7
DA:913,7
DA:914,7
DA:915,7
DA:916,6
DA:917,6
DA:918,6
DA:919,6
DA:920,6
DA:921,6
DA:922,0
DA:923,0
DA:924,5
DA:925,5
DA:926,6
DA:927,0
DA:928,0
DA:929,5
DA:930,6
DA:931,6
DA:932,6
DA:933,6
DA:934,6
DA:935,6
DA:936,6
DA:937,6
DA:938,0
DA:939,0
DA:940,5
DA:941,6
DA:942,6
DA:943,6
DA:944,6
DA:945,10
DA:946,10
DA:947,10
DA:948,10
DA:949,10
DA:950,12
DA:951,12
DA:952,12
DA:953,12
DA:954,12
DA:955,12
DA:956,0
DA:957,0
DA:958,12
DA:959,12
DA:960,12
DA:961,12
DA:962,12
DA:963,12
DA:964,12
DA:965,12
DA:966,10
DA:967,10
DA:968,12
DA:969,12
DA:970,12
DA:971,12
DA:972,5
DA:973,5
DA:974,5
DA:975,2
DA:976,2
DA:977,5
DA:978,12
DA:979,12
DA:980,12
DA:981,12
DA:982,12
DA:983,12
DA:984,12
DA:985,12
DA:986,10
DA:987,6
DA:988,6
DA:989,6
DA:990,6
DA:991,6
DA:992,6
DA:993,6
DA:994,1
DA:995,12
DA:996,12
DA:997,12
DA:998,12
DA:999,1
DA:1000,26
DA:1001,26
DA:1002,26
DA:1003,26
DA:1004,26
DA:1005,26
DA:1006,26
DA:1007,8
DA:1008,8
DA:1009,18
DA:1010,26
DA:1011,3
DA:1012,3
DA:1013,15
DA:1014,26
DA:1015,3
DA:1016,3
DA:1017,12
DA:1018,26
DA:1019,3
DA:1020,3
DA:1021,9
DA:1022,9
DA:1023,26
DA:1024,1
DA:1025,11
DA:1026,11
DA:1027,11
DA:1028,11
DA:1029,1
DA:1030,11
DA:1031,11
DA:1032,11
DA:1033,11
DA:1034,1
DA:1035,7
DA:1036,7
DA:1037,7
DA:1038,7
DA:1039,7
DA:1040,7
DA:1041,7
DA:1042,7
DA:1043,7
DA:1044,1
DA:1045,1
DA:1046,1
DA:1047,6
DA:1048,6
DA:1049,6
DA:1050,6
DA:1051,6
DA:1052,6
DA:1053,7
DA:1054,1
DA:1055,1
DA:1056,6
DA:1057,6
DA:1058,6
DA:1059,6
DA:1060,6
DA:1061,6
DA:1062,6
DA:1063,6
DA:1064,6
DA:1065,7
DA:1066,1
DA:1067,1
DA:1068,1
DA:1069,1
DA:1070,1
DA:1071,0
DA:1072,0
DA:1073,1
DA:1074,1
DA:1075,1
DA:1076,1
DA:1077,1
DA:1078,1
DA:1079,1
DA:1080,1
DA:1081,1
DA:1082,5
DA:1083,5
DA:1084,5
DA:1085,7
DA:1086,0
DA:1087,0
DA:1088,0
DA:1089,0
DA:1090,0
DA:1091,0
DA:1092,7
DA:1093,0
DA:1094,0
DA:1095,0
DA:1096,0
DA:1097,0
DA:1098,0
DA:1099,0
DA:1100,7
DA:1101,1
DA:1102,6
DA:1103,6
DA:1104,6
DA:1105,6
DA:1106,6
DA:1107,6
DA:1108,6
DA:1109,6
DA:1110,6
DA:1111,6
DA:1112,0
DA:1113,0
DA:1114,0
DA:1115,0
DA:1116,0
DA:1117,6
DA:1118,6
DA:1119,6
DA:1120,6
DA:1121,7
DA:1122,7
DA:1123,7
DA:1124,7
DA:1125,7
DA:1126,7
DA:1127,7
DA:1128,7
DA:1129,7
DA:1130,7
DA:1131,7
DA:1132,0
DA:1133,0
DA:1134,0
DA:1135,0
DA:1136,0
DA:1137,0
DA:1138,0
DA:1139,0
DA:1140,0
DA:1141,0
DA:1142,7
DA:1143,7
DA:1144,4
DA:1145,4
DA:1146,7
DA:1147,2
DA:1148,2
DA:1149,6
DA:1150,1
DA:1151,89
DA:1152,89
DA:1153,63
DA:1154,63
DA:1155,26
DA:1156,89
DA:1157,1
DA:1158,1
DA:1159,25
DA:1160,25
DA:1161,25
DA:1162,25
DA:1163,25
DA:1164,25
DA:1165,25
DA:1166,25
DA:1167,89
DA:1168,1
DA:1169,1
DA:1170,24
DA:1171,24
DA:1172,24
DA:1173,89
DA:1174,0
DA:1175,0
DA:1176,24
DA:1177,24
DA:1178,24
DA:1179,24
DA:1180,24
DA:1181,89
DA:1182,1
DA:1183,3
DA:1184,3
DA:1185,3
DA:1186,1
DA:1187,1
DA:1188,2
DA:1189,2
DA:1190,2
DA:1191,3
DA:1192,0
DA:1193,0
DA:1194,0
DA:1195,0
DA:1196,2
DA:1197,2
DA:1198,2
DA:1199,2
DA:1200,2
DA:1201,2
DA:1202,2
DA:1203,2
DA:1204,2
DA:1205,2
DA:1206,2
DA:1207,2
DA:1208,2
DA:1209,2
DA:1210,2
DA:1211,2
DA:1212,2
DA:1213,2
DA:1214,2
DA:1215,2
DA:1216,2
DA:1217,2
DA:1218,3
DA:1219,1
DA:1220,1
DA:1221,1
DA:1222,3
DA:1223,0
DA:1224,0
DA:1225,1
DA:1226,1
DA:1227,1
DA:1228,3
DA:1229,0
DA:1230,0
DA:1231,0
DA:1232,0
DA:1233,1
DA:1234,1
DA:1235,1
DA:1236,2
DA:1237,2
DA:1238,1
DA:1239,1
DA:1240,1
DA:1241,1
DA:1242,1
DA:1243,1
DA:1244,1
DA:1245,1
DA:1246,3
DA:1247,1
DA:1248,3
DA:1249,3
DA:1250,3
DA:1251,1
DA:1252,1
DA:1253,2
DA:1254,2
DA:1255,2
DA:1256,2
DA:1257,2
DA:1258,2
DA:1259,2
DA:1260,2
DA:1261,2
DA:1262,2
DA:1263,2
DA:1264,2
DA:1265,2
DA:1266,2
DA:1267,2
DA:1268,2
DA:1269,2
DA:1270,2
DA:1271,2
DA:1272,2
DA:1273,3
DA:1274,0
DA:1275,0
DA:1276,2
DA:1277,3
DA:1278,0
DA:1279,0
DA:1280,2
DA:1281,2
DA:1282,2
DA:1283,3
DA:1284,1
DA:1285,1
DA:1286,1
DA:1287,1
DA:1288,1
DA:1289,1
DA:1290,1
DA:1291,2
DA:1292,2
DA:1293,2
DA:1294,2
DA:1295,2
DA:1296,2
DA:1297,1
DA:1298,1
DA:1299,1
DA:1300,1
DA:1301,2
DA:1302,2
DA:1303,2
DA:1304,1
DA:1305,1
DA:1306,1
DA:1307,1
DA:1308,1
DA:1309,3
DA:1310,1
DA:1311,1
DA:1312,1
DA:1313,1
DA:1314,0
DA:1315,0
DA:1316,1
DA:1317,1
DA:1318,1
DA:1319,1
DA:1320,1
DA:1321,1
DA:1322,1
DA:1323,1
DA:1324,1
DA:1325,1
DA:1326,0
DA:1327,0
DA:1328,1
DA:1329,1
DA:1330,1
DA:1331,1
DA:1332,1
DA:1333,1
DA:1334,1
DA:1335,1
DA:1336,1
DA:1337,1
DA:1338,1
DA:1339,1
DA:1340,1
DA:1341,1
DA:1342,1
DA:1343,1
DA:1344,1
DA:1345,1
DA:1346,1
DA:1347,1
DA:1348,1
DA:1349,1
DA:1350,1
DA:1351,0
DA:1352,0
DA:1353,1
DA:1354,1
DA:1355,0
DA:1356,0
DA:1357,1
DA:1358,1
DA:1359,1
DA:1360,1
DA:1361,1
DA:1362,4
DA:1363,4
DA:1364,4
DA:1365,4
DA:1366,4
DA:1367,4
DA:1368,4
DA:1369,4
DA:1370,4
DA:1371,4
DA:1372,4
DA:1373,4
DA:1374,4
DA:1375,4
DA:1376,0
DA:1377,0
DA:1378,4
DA:1379,4
DA:1380,4
DA:1381,4
DA:1382,4
DA:1383,4
DA:1384,4
DA:1385,4
DA:1386,4
DA:1387,4
DA:1388,4
DA:1389,4
DA:1390,4
DA:1391,4
DA:1392,4
DA:1393,4
DA:1394,4
DA:1395,4
DA:1396,4
DA:1397,4
DA:1398,4
DA:1399,4
DA:1400,4
DA:1401,4
DA:1402,4
DA:1403,4
DA:1404,4
DA:1405,4
DA:1406,1
DA:1407,1
DA:1408,1
DA:1409,1
DA:1410,3
DA:1411,4
DA:1412,0
DA:1413,0
DA:1414,3
DA:1415,3
DA:1416,3
DA:1417,3
DA:1418,3
DA:1419,1
DA:1420,1
DA:1421,1
DA:1422,1
DA:1423,1
DA:1424,1
DA:1425,1
DA:1426,1
DA:1427,1
DA:1428,1
DA:1429,1
DA:1430,1
DA:1431,3
DA:1432,3
DA:1433,4
DA:1434,4
DA:1435,4
DA:1436,2
DA:1437,2
DA:1438,1
DA:1439,1
DA:1440,1
DA:1441,1
DA:1442,1
DA:1443,1
DA:1444,1
DA:1445,1
DA:1446,1
DA:1447,1
DA:1448,1
DA:1449,1
DA:1450,1
DA:1451,1
DA:1452,0
DA:1453,0
DA:1454,1
DA:1455,1
DA:1456,1
DA:1457,1
DA:1458,1
DA:1459,1
DA:1460,1
DA:1461,1
DA:1462,1
DA:1463,1
DA:1464,1
DA:1465,0
DA:1466,0
DA:1467,1
DA:1468,1
DA:1469,1
DA:1470,1
DA:1471,1
DA:1472,1
DA:1473,1
DA:1474,1
DA:1475,1
DA:1476,1
DA:1477,4
DA:1478,1
DA:1479,73
DA:1480,73
DA:1481,73
DA:1482,73
DA:1483,73
DA:1484,73
DA:1485,73
DA:1486,73
DA:1487,73
DA:1488,73
DA:1489,73
DA:1490,73
DA:1491,73
DA:1492,73
DA:1493,73
DA:1494,73
DA:1495,73
DA:1496,73
DA:1497,73
DA:1498,73
DA:1499,73
DA:1500,73
DA:1501,73
DA:1502,73
DA:1503,73
DA:1504,73
DA:1505,73
DA:1506,73
DA:1507,73
DA:1508,73
DA:1509,73
DA:1510,73
DA:1511,73
DA:1512,73
DA:1513,0
DA:1514,0
DA:1515,0
DA:1516,73
DA:1517,73
DA:1518,73
DA:1519,73
DA:1520,73
DA:1521,73
DA:1522,73
DA:1523,73
DA:1524,73
DA:1525,0
DA:1526,0
DA:1527,0
DA:1528,73
DA:1529,73
DA:1530,73
DA:1531,73
DA:1532,73
DA:1533,73
DA:1534,75
DA:1535,75
DA:1536,75
DA:1537,79
DA:1538,79
DA:1539,79
DA:1540,82
DA:1541,82
DA:1542,82
DA:1543,82
DA:1544,82
DA:1545,3
DA:1546,3
DA:1547,82
DA:1548,82
DA:1549,0
DA:1550,0
DA:1551,82
DA:1552,82
DA:1553,82
DA:1554,82
DA:1555,82
DA:1556,82
DA:1557,82
DA:1558,82
DA:1559,82
DA:1560,82
DA:1561,82
DA:1562,82
DA:1563,82
DA:1564,82
DA:1565,82
DA:1566,82
DA:1567,1
DA:1568,1
DA:1569,1
DA:1570,1
DA:1571,81
DA:1572,82
DA:1573,4
DA:1574,4
DA:1575,4
DA:1576,4
DA:1577,4
DA:1578,0
DA:1579,0
DA:1580,4
DA:1581,4
DA:1582,4
DA:1583,4
DA:1584,4
DA:1585,4
DA:1586,4
DA:1587,4
DA:1588,4
DA:1589,4
DA:1590,4
DA:1591,4
DA:1592,4
DA:1593,1
DA:1594,1
DA:1595,4
DA:1596,4
DA:1597,4
DA:1598,77
DA:1599,77
DA:1600,77
DA:1601,77
DA:1602,77
DA:1603,82
DA:1604,0
DA:1605,0
DA:1606,0
DA:1607,0
DA:1608,0
DA:1609,0
DA:1610,0
DA:1611,0
DA:1612,0
DA:1613,77
DA:1614,82
DA:1615,0
DA:1616,0
DA:1617,0
DA:1618,0
DA:1619,0
DA:1620,0
DA:1621,0
DA:1622,0
DA:1623,0
DA:1624,77
DA:1625,77
DA:1626,77
DA:1627,77
DA:1628,77
DA:1629,77
DA:1630,8
DA:1631,8
DA:1632,8
DA:1633,0
DA:1634,0
DA:1635,8
DA:1636,8
DA:1637,8
DA:1638,77
DA:1639,77
DA:1640,77
DA:1641,77
DA:1642,81
DA:1643,78
DA:1644,75
DA:1645,6
DA:1646,6
DA:1647,75
DA:1648,74
DA:1649,73
DA:1650,6
DA:1651,6
DA:1652,66
DA:1653,73
DA:1654,65
DA:1655,65
DA:1656,1
DA:1657,1
DA:1658,73
DA:1659,1
DA:1660,2
DA:1661,2
DA:1662,2
DA:1663,2
DA:1664,2
DA:1665,2
DA:1666,2
DA:1667,2
DA:1668,2
DA:1669,2
DA:1670,2
DA:1671,2
DA:1672,2
DA:1673,2
DA:1674,2
DA:1675,2
DA:1676,2
DA:1677,2
DA:1678,2
DA:1679,2
DA:1680,2
DA:1681,2
DA:1682,2
DA:1683,2
DA:1684,0
DA:1685,0
DA:1686,2
DA:1687,2
DA:1688,0
DA:1689,0
DA:1690,2
DA:1691,2
DA:1692,2
DA:1693,2
DA:1694,1
DA:1695,1
DA:1696,1
DA:1697,1
DA:1698,2
DA:1699,1
DA:1700,1
DA:1701,102
DA:1702,1
DA:1703,1
DA:1704,101
DA:1705,101
DA:1706,101
DA:1707,101
DA:1708,101
DA:1709,101
DA:1710,101
DA:1711,101
DA:1712,101
DA:1713,101
DA:1714,101
DA:1715,101
DA:1716,101
DA:1717,101
DA:1718,102
DA:1719,102
DA:1720,102
DA:1721,102
DA:1722,102
DA:1723,9
DA:1724,102
DA:1725,2
DA:1726,2
DA:1727,99
DA:1728,102
DA:1729,84
DA:1730,84
DA:1731,84
DA:1732,2
DA:1733,2
DA:1734,84
DA:1735,97
DA:1736,97
DA:1737,97
DA:1738,102
DA:1739,102
DA:1740,102
DA:1741,102
DA:1742,102
DA:1743,102
DA:1744,102
DA:1745,102
DA:1746,102
DA:1747,102
DA:1748,102
DA:1749,1
DA:1750,1
DA:1751,1
DA:1752,1
DA:1753,1
DA:1754,1
DA:1755,96
DA:1756,102
DA:1757,90
DA:1758,90
DA:1759,90
DA:1760,1
DA:1761,1
DA:1762,1
DA:1763,1
DA:1764,1
DA:1765,1
DA:1766,90
DA:1767,95
DA:1768,95
DA:1769,102
DA:1770,6
DA:1771,6
DA:1772,6
DA:1773,6
DA:1774,6
DA:1775,6
DA:1776,6
DA:1777,6
DA:1778,6
DA:1779,6
DA:1780,6
DA:1781,6
DA:1782,89
DA:1783,89
DA:1784,87
DA:1785,102
DA:1786,3
DA:1787,2
DA:1788,2
DA:1789,84
DA:1790,102
DA:1791,3
DA:1792,3
DA:1793,3
DA:1794,81
DA:1795,102
DA:1796,6
DA:1797,6
DA:1798,6
DA:1799,2
DA:1800,2
DA:1801,4
DA:1802,4
DA:1803,4
DA:1804,4
DA:1805,4
DA:1806,4
DA:1807,4
DA:1808,4
DA:1809,4
DA:1810,4
DA:1811,4
DA:1812,4
DA:1813,3
DA:1814,3
DA:1815,75
DA:1816,102
DA:1817,73
DA:1818,73
DA:1819,73
DA:1820,73
DA:1821,71
DA:1822,71
DA:1823,2
DA:1824,2
DA:1825,2
DA:1826,102
DA:1827,1
DA:1828,1
DA:1829,1
DA:1830,1
DA:1831,102
DA:1832,6
DA:1833,3
DA:1834,3
DA:1835,3
DA:1836,3
DA:1837,3
DA:1838,3
DA:1839,3
DA:1840,3
DA:1841,3
DA:1842,3
DA:1843,3
DA:1844,102
LH:1710
LF:1844
end_of_record
SF:worker/src/platform-id-map.mjs
FNF:0
FNH:0
BRDA:1,0,0,1
BRF:1
BRH:1
DA:1,1
DA:2,1
DA:3,1
DA:4,1
DA:5,1
DA:6,1
DA:7,1
DA:8,1
DA:9,1
DA:10,1
DA:11,1
DA:12,1
DA:13,1
DA:14,1
DA:15,1
DA:16,1
DA:17,1
DA:18,1
DA:19,1
DA:20,1
DA:21,1
DA:22,1
DA:23,1
DA:24,1
DA:25,1
DA:26,1
DA:27,1
DA:28,1
DA:29,1
DA:30,1
DA:31,1
DA:32,1
DA:33,1
DA:34,1
DA:35,1
DA:36,1
DA:37,1
DA:38,1
DA:39,1
DA:40,1
DA:41,1
DA:42,1
DA:43,1
DA:44,1
DA:45,1
DA:46,1
DA:47,1
DA:48,1
DA:49,1
DA:50,1
DA:51,1
DA:52,1
DA:53,1
DA:54,1
DA:55,1
DA:56,1
DA:57,1
DA:58,1
DA:59,1
DA:60,1
DA:61,1
DA:62,1
DA:63,1
DA:64,1
DA:65,1
DA:66,1
DA:67,1
DA:68,1
DA:69,1
DA:70,1
DA:71,1
DA:72,1
DA:73,1
DA:74,1
DA:75,1
DA:76,1
DA:77,1
DA:78,1
DA:79,1
DA:80,1
DA:81,1
DA:82,1
DA:83,1
DA:84,1
DA:85,1
DA:86,1
DA:87,1
DA:88,1
DA:89,1
DA:90,1
DA:91,1
DA:92,1
DA:93,1
DA:94,1
DA:95,1
DA:96,1
DA:97,1
DA:98,1
DA:99,1
DA:100,1
DA:101,1
DA:102,1
DA:103,1
DA:104,1
DA:105,1
DA:106,1
DA:107,1
DA:108,1
DA:109,1
DA:110,1
DA:111,1
DA:112,1
DA:113,1
DA:114,1
DA:115,1
DA:116,1
DA:117,1
DA:118,1
LH:118
LF:118
end_of_record

